model-1573435907,1573440594,in_sample,0.65,0.2109, out_of_sample,0.69,0.2009
model-1573435907,1573440595,in_sample,0.66,0.2256, out_of_sample,0.63,0.2255
model-1573435907,1573440595,in_sample,0.61,0.2291, out_of_sample,0.58,0.2364
model-1573435907,1573440596,in_sample,0.58,0.2363, out_of_sample,0.66,0.2203
model-1573435907,1573440596,in_sample,0.65,0.2186, out_of_sample,0.63,0.2155
model-1573435907,1573440597,in_sample,0.76,0.1875, out_of_sample,0.59,0.2319
model-1573435907,1573440597,in_sample,0.69,0.2268, out_of_sample,0.68,0.2132
model-1573435907,1573440598,in_sample,0.67,0.2109, out_of_sample,0.61,0.2276
model-1573435907,1573440598,in_sample,0.69,0.1908, out_of_sample,0.6,0.2346
model-1573435907,1573440599,in_sample,0.63,0.2247, out_of_sample,0.65,0.2161
model-1573435907,1573440599,in_sample,0.57,0.2404, out_of_sample,0.61,0.2304
model-1573435907,1573440600,in_sample,0.62,0.2053, out_of_sample,0.71,0.2001
model-1573435907,1573440600,in_sample,0.7,0.2027, out_of_sample,0.65,0.2027
model-1573435907,1573440600,in_sample,0.63,0.2188, out_of_sample,0.74,0.1964
model-1573435907,1573440601,in_sample,0.65,0.216, out_of_sample,0.64,0.2185
model-1573435907,1573440601,in_sample,0.75,0.1785, out_of_sample,0.64,0.2104
model-1573435907,1573440602,in_sample,0.54,0.2402, out_of_sample,0.64,0.2319
model-1573435907,1573440602,in_sample,0.67,0.2154, out_of_sample,0.63,0.2319
model-1573435907,1573440603,in_sample,0.59,0.2425, out_of_sample,0.77,0.1775
model-1573435907,1573440603,in_sample,0.63,0.2253, out_of_sample,0.57,0.2445
model-1573435907,1573440604,in_sample,0.6,0.2213, out_of_sample,0.7,0.2139
model-1573435907,1573440604,in_sample,0.65,0.2233, out_of_sample,0.58,0.2495
model-1573435907,1573440605,in_sample,0.68,0.2159, out_of_sample,0.6,0.239
model-1573435907,1573440605,in_sample,0.63,0.214, out_of_sample,0.58,0.2411
model-1573435907,1573440606,in_sample,0.64,0.2103, out_of_sample,0.63,0.2043
model-1573435907,1573440606,in_sample,0.59,0.224, out_of_sample,0.77,0.2009
model-1573435907,1573440607,in_sample,0.61,0.2323, out_of_sample,0.64,0.2351
model-1573435907,1573440607,in_sample,0.57,0.2635, out_of_sample,0.58,0.2411
model-1573435907,1573440608,in_sample,0.68,0.213, out_of_sample,0.65,0.2166
model-1573435907,1573440608,in_sample,0.61,0.2313, out_of_sample,0.56,0.2505
model-1573435907,1573440609,in_sample,0.6,0.2239, out_of_sample,0.65,0.2312
model-1573435907,1573440609,in_sample,0.68,0.2028, out_of_sample,0.65,0.2179
model-1573435907,1573440610,in_sample,0.62,0.2264, out_of_sample,0.74,0.2083
model-1573435907,1573440610,in_sample,0.56,0.236, out_of_sample,0.65,0.2231
model-1573435907,1573440611,in_sample,0.58,0.2225, out_of_sample,0.62,0.2274
model-1573435907,1573440611,in_sample,0.69,0.2164, out_of_sample,0.6,0.2307
model-1573435907,1573440612,in_sample,0.65,0.224, out_of_sample,0.64,0.2278
model-1573435907,1573440612,in_sample,0.71,0.2115, out_of_sample,0.7,0.2147
model-1573435907,1573440613,in_sample,0.68,0.2086, out_of_sample,0.61,0.2109
model-1573435907,1573440613,in_sample,0.58,0.2378, out_of_sample,0.67,0.2168
model-1573435907,1573440614,in_sample,0.67,0.2334, out_of_sample,0.69,0.2164
model-1573435907,1573440614,in_sample,0.65,0.2192, out_of_sample,0.65,0.229
model-1573435907,1573440615,in_sample,0.69,0.2026, out_of_sample,0.71,0.1855
model-1573435907,1573440615,in_sample,0.64,0.2282, out_of_sample,0.61,0.2187
model-1573435907,1573440615,in_sample,0.62,0.2208, out_of_sample,0.62,0.2265
model-1573435907,1573440616,in_sample,0.68,0.2157, out_of_sample,0.66,0.2202
model-1573435907,1573440616,in_sample,0.67,0.194, out_of_sample,0.62,0.2138
model-1573435907,1573440617,in_sample,0.64,0.2269, out_of_sample,0.65,0.22
model-1573435907,1573440617,in_sample,0.65,0.2388, out_of_sample,0.6,0.2384
model-1573435907,1573440618,in_sample,0.67,0.2217, out_of_sample,0.65,0.2165
model-1573435907,1573440618,in_sample,0.71,0.197, out_of_sample,0.62,0.2431
model-1573435907,1573440619,in_sample,0.73,0.192, out_of_sample,0.61,0.2179
model-1573435907,1573440619,in_sample,0.64,0.2152, out_of_sample,0.62,0.2356
model-1573435907,1573440620,in_sample,0.54,0.2441, out_of_sample,0.63,0.2226
model-1573435907,1573440620,in_sample,0.61,0.2202, out_of_sample,0.66,0.2165
model-1573435907,1573440621,in_sample,0.66,0.2237, out_of_sample,0.65,0.2251
model-1573435907,1573440621,in_sample,0.62,0.2169, out_of_sample,0.65,0.223
model-1573435907,1573440622,in_sample,0.72,0.1948, out_of_sample,0.67,0.2164
model-1573435907,1573440622,in_sample,0.66,0.215, out_of_sample,0.66,0.2196
model-1573435907,1573440623,in_sample,0.67,0.209, out_of_sample,0.69,0.2161
model-1573435907,1573440623,in_sample,0.65,0.2054, out_of_sample,0.78,0.1891
model-1573435907,1573440624,in_sample,0.64,0.2087, out_of_sample,0.68,0.1932
model-1573435907,1573440624,in_sample,0.67,0.1933, out_of_sample,0.67,0.2372
model-1573435907,1573440624,in_sample,0.64,0.2272, out_of_sample,0.63,0.2242
model-1573435907,1573440625,in_sample,0.57,0.25, out_of_sample,0.68,0.2203
model-1573435907,1573440625,in_sample,0.57,0.2255, out_of_sample,0.58,0.2278
model-1573435907,1573440626,in_sample,0.6,0.2319, out_of_sample,0.7,0.2004
model-1573435907,1573440626,in_sample,0.68,0.2019, out_of_sample,0.64,0.2143
model-1573435907,1573440627,in_sample,0.64,0.2396, out_of_sample,0.63,0.2311
model-1573435907,1573440627,in_sample,0.74,0.189, out_of_sample,0.62,0.2245
model-1573435907,1573440628,in_sample,0.62,0.24, out_of_sample,0.65,0.2115
model-1573435907,1573440628,in_sample,0.67,0.2144, out_of_sample,0.61,0.2272
model-1573435907,1573440629,in_sample,0.64,0.2162, out_of_sample,0.65,0.2179
model-1573435907,1573440629,in_sample,0.64,0.2298, out_of_sample,0.64,0.2305
model-1573435907,1573440630,in_sample,0.7,0.2247, out_of_sample,0.63,0.2336
model-1573435907,1573440630,in_sample,0.63,0.226, out_of_sample,0.7,0.2124
model-1573435907,1573440631,in_sample,0.72,0.2028, out_of_sample,0.66,0.1996
model-1573435907,1573440631,in_sample,0.75,0.1913, out_of_sample,0.72,0.1975
model-1573435907,1573440632,in_sample,0.68,0.1937, out_of_sample,0.65,0.2165
model-1573435907,1573440632,in_sample,0.6,0.2497, out_of_sample,0.7,0.1962
model-1573435907,1573440633,in_sample,0.75,0.1814, out_of_sample,0.68,0.2135
model-1573435907,1573440633,in_sample,0.68,0.1979, out_of_sample,0.68,0.2012
model-1573435907,1573440634,in_sample,0.64,0.2305, out_of_sample,0.65,0.2339
model-1573435907,1573440634,in_sample,0.7,0.207, out_of_sample,0.63,0.2256
model-1573435907,1573440635,in_sample,0.61,0.226, out_of_sample,0.65,0.2171
model-1573435907,1573440635,in_sample,0.72,0.1933, out_of_sample,0.63,0.2373
model-1573435907,1573440636,in_sample,0.58,0.2549, out_of_sample,0.64,0.2189
model-1573435907,1573440636,in_sample,0.71,0.203, out_of_sample,0.59,0.2549
model-1573435907,1573440637,in_sample,0.66,0.224, out_of_sample,0.57,0.2306
model-1573435907,1573440637,in_sample,0.57,0.2496, out_of_sample,0.54,0.257
model-1573435907,1573440638,in_sample,0.56,0.2518, out_of_sample,0.65,0.2327
model-1573435907,1573440638,in_sample,0.62,0.2269, out_of_sample,0.61,0.2413
model-1573435907,1573440639,in_sample,0.65,0.2121, out_of_sample,0.62,0.2295
model-1573435907,1573440639,in_sample,0.61,0.235, out_of_sample,0.66,0.2042
model-1573435907,1573440640,in_sample,0.63,0.2354, out_of_sample,0.61,0.2072
model-1573435907,1573440640,in_sample,0.66,0.2068, out_of_sample,0.63,0.2205
model-1573435907,1573440641,in_sample,0.71,0.2067, out_of_sample,0.65,0.227
model-1573435907,1573440641,in_sample,0.68,0.2127, out_of_sample,0.65,0.2279
model-1573435907,1573440642,in_sample,0.65,0.2331, out_of_sample,0.68,0.2086
model-1573435907,1573440642,in_sample,0.64,0.2186, out_of_sample,0.63,0.2245
model-1573435907,1573440642,in_sample,0.72,0.1981, out_of_sample,0.68,0.1964
model-1573435907,1573440643,in_sample,0.62,0.2137, out_of_sample,0.57,0.2326
model-1573435907,1573440643,in_sample,0.71,0.2154, out_of_sample,0.69,0.2036
model-1573435907,1573440644,in_sample,0.64,0.2231, out_of_sample,0.67,0.2199
model-1573435907,1573440644,in_sample,0.68,0.2226, out_of_sample,0.66,0.229
model-1573435907,1573440645,in_sample,0.75,0.1872, out_of_sample,0.61,0.2314
model-1573435907,1573440645,in_sample,0.73,0.2051, out_of_sample,0.61,0.2233
model-1573435907,1573440646,in_sample,0.68,0.1982, out_of_sample,0.63,0.2172
model-1573435907,1573440646,in_sample,0.66,0.208, out_of_sample,0.61,0.2316
model-1573435907,1573440647,in_sample,0.67,0.2294, out_of_sample,0.73,0.1884
model-1573435907,1573440647,in_sample,0.62,0.2039, out_of_sample,0.7,0.1989
model-1573435907,1573440648,in_sample,0.69,0.2002, out_of_sample,0.7,0.2081
model-1573435907,1573440648,in_sample,0.73,0.1776, out_of_sample,0.72,0.186
model-1573435907,1573440649,in_sample,0.68,0.2076, out_of_sample,0.62,0.2395
model-1573435907,1573440649,in_sample,0.64,0.2303, out_of_sample,0.74,0.1841
model-1573435907,1573440650,in_sample,0.67,0.2201, out_of_sample,0.67,0.1939
model-1573435907,1573440650,in_sample,0.58,0.2355, out_of_sample,0.67,0.2306
model-1573435907,1573440651,in_sample,0.76,0.174, out_of_sample,0.57,0.2515
model-1573435907,1573440651,in_sample,0.66,0.2233, out_of_sample,0.7,0.1868
model-1573435907,1573440652,in_sample,0.73,0.1901, out_of_sample,0.62,0.2181
model-1573435907,1573440652,in_sample,0.59,0.2417, out_of_sample,0.79,0.1883
model-1573435907,1573440653,in_sample,0.65,0.2203, out_of_sample,0.67,0.2018
model-1573435907,1573440653,in_sample,0.66,0.2065, out_of_sample,0.62,0.2281
model-1573435907,1573440653,in_sample,0.69,0.2081, out_of_sample,0.67,0.2122
model-1573435907,1573440654,in_sample,0.66,0.2261, out_of_sample,0.6,0.2471
model-1573435907,1573440654,in_sample,0.68,0.2006, out_of_sample,0.6,0.2572
model-1573435907,1573440655,in_sample,0.7,0.1896, out_of_sample,0.66,0.2134
model-1573435907,1573440655,in_sample,0.62,0.2363, out_of_sample,0.66,0.2181
model-1573435907,1573440656,in_sample,0.69,0.1967, out_of_sample,0.6,0.2145
model-1573435907,1573440656,in_sample,0.64,0.2212, out_of_sample,0.7,0.2015
model-1573435907,1573440657,in_sample,0.74,0.1845, out_of_sample,0.63,0.22
model-1573435907,1573440657,in_sample,0.66,0.2068, out_of_sample,0.66,0.2138
model-1573435907,1573440658,in_sample,0.7,0.2027, out_of_sample,0.65,0.2136
model-1573435907,1573440658,in_sample,0.74,0.1976, out_of_sample,0.67,0.2174
model-1573435907,1573440659,in_sample,0.68,0.2087, out_of_sample,0.66,0.2204
model-1573435907,1573440659,in_sample,0.67,0.209, out_of_sample,0.67,0.21
model-1573435907,1573440660,in_sample,0.63,0.2352, out_of_sample,0.66,0.2158
model-1573435907,1573440660,in_sample,0.62,0.2065, out_of_sample,0.71,0.189
model-1573435907,1573440661,in_sample,0.64,0.2162, out_of_sample,0.67,0.2132
model-1573435907,1573440661,in_sample,0.64,0.2137, out_of_sample,0.75,0.1877
model-1573435907,1573440661,in_sample,0.74,0.1936, out_of_sample,0.68,0.2123
model-1573435907,1573440662,in_sample,0.71,0.1971, out_of_sample,0.67,0.1878
model-1573435907,1573440662,in_sample,0.69,0.1972, out_of_sample,0.65,0.2177
model-1573435907,1573440663,in_sample,0.67,0.1977, out_of_sample,0.68,0.1878
model-1573435907,1573440663,in_sample,0.71,0.1861, out_of_sample,0.68,0.1864
model-1573435907,1573440664,in_sample,0.7,0.2005, out_of_sample,0.73,0.1804
model-1573435907,1573440664,in_sample,0.59,0.2188, out_of_sample,0.71,0.1946
model-1573435907,1573440665,in_sample,0.67,0.2119, out_of_sample,0.68,0.2061
model-1573435907,1573440665,in_sample,0.64,0.1973, out_of_sample,0.67,0.1901
model-1573435907,1573440666,in_sample,0.68,0.2181, out_of_sample,0.64,0.2239
model-1573435907,1573440666,in_sample,0.66,0.1986, out_of_sample,0.72,0.1998
model-1573435907,1573440667,in_sample,0.67,0.2157, out_of_sample,0.68,0.2142
model-1573435907,1573440667,in_sample,0.61,0.2351, out_of_sample,0.62,0.226
model-1573435907,1573440668,in_sample,0.66,0.2288, out_of_sample,0.65,0.2109
model-1573435907,1573440668,in_sample,0.63,0.2397, out_of_sample,0.65,0.2003
model-1573435907,1573440668,in_sample,0.63,0.2074, out_of_sample,0.74,0.1808
model-1573435907,1573440669,in_sample,0.63,0.2333, out_of_sample,0.7,0.1948
model-1573435907,1573440669,in_sample,0.74,0.175, out_of_sample,0.64,0.2185
model-1573435907,1573440670,in_sample,0.64,0.2226, out_of_sample,0.63,0.2301
model-1573435907,1573440670,in_sample,0.62,0.2427, out_of_sample,0.71,0.1961
model-1573435907,1573440671,in_sample,0.56,0.2536, out_of_sample,0.67,0.2061
model-1573435907,1573440671,in_sample,0.7,0.1956, out_of_sample,0.69,0.2063
model-1573435907,1573440672,in_sample,0.59,0.2384, out_of_sample,0.6,0.227
model-1573435907,1573440672,in_sample,0.61,0.2243, out_of_sample,0.67,0.2173
model-1573435907,1573440673,in_sample,0.69,0.2057, out_of_sample,0.69,0.2169
model-1573435907,1573440673,in_sample,0.64,0.2213, out_of_sample,0.75,0.1848
model-1573435907,1573440674,in_sample,0.62,0.2229, out_of_sample,0.74,0.1793
model-1573435907,1573440674,in_sample,0.72,0.2012, out_of_sample,0.75,0.1865
model-1573435907,1573440675,in_sample,0.63,0.2253, out_of_sample,0.7,0.1865
model-1573435907,1573440675,in_sample,0.69,0.2017, out_of_sample,0.63,0.224
model-1573435907,1573440676,in_sample,0.67,0.2035, out_of_sample,0.65,0.2171
model-1573435907,1573440676,in_sample,0.64,0.2192, out_of_sample,0.64,0.2173
model-1573435907,1573440676,in_sample,0.61,0.2093, out_of_sample,0.63,0.2398
model-1573435907,1573440677,in_sample,0.56,0.2378, out_of_sample,0.67,0.1996
model-1573435907,1573440677,in_sample,0.69,0.2079, out_of_sample,0.6,0.2404
model-1573435907,1573440678,in_sample,0.67,0.21, out_of_sample,0.79,0.1737
model-1573435907,1573440678,in_sample,0.66,0.22, out_of_sample,0.59,0.237
model-1573435907,1573440679,in_sample,0.63,0.2334, out_of_sample,0.63,0.2432
model-1573435907,1573440679,in_sample,0.7,0.2067, out_of_sample,0.63,0.2178
model-1573435907,1573440680,in_sample,0.67,0.2002, out_of_sample,0.7,0.208
model-1573435907,1573440680,in_sample,0.72,0.1898, out_of_sample,0.62,0.2124
model-1573435907,1573440681,in_sample,0.63,0.2379, out_of_sample,0.7,0.2114
model-1573435907,1573440681,in_sample,0.7,0.1938, out_of_sample,0.62,0.2195
model-1573435907,1573440682,in_sample,0.76,0.1693, out_of_sample,0.74,0.1784
model-1573435907,1573440682,in_sample,0.67,0.2067, out_of_sample,0.6,0.2205
model-1573435907,1573440683,in_sample,0.64,0.2305, out_of_sample,0.71,0.2084
model-1573435907,1573440683,in_sample,0.69,0.2144, out_of_sample,0.64,0.2266
model-1573435907,1573440684,in_sample,0.7,0.1979, out_of_sample,0.65,0.2118
model-1573435907,1573440684,in_sample,0.72,0.2083, out_of_sample,0.64,0.2208
model-1573435907,1573440685,in_sample,0.55,0.2475, out_of_sample,0.7,0.2082
model-1573435907,1573440685,in_sample,0.7,0.1982, out_of_sample,0.69,0.2213
model-1573435907,1573440686,in_sample,0.69,0.2049, out_of_sample,0.56,0.2361
model-1573435907,1573440686,in_sample,0.63,0.2173, out_of_sample,0.61,0.2228
model-1573435907,1573440687,in_sample,0.54,0.262, out_of_sample,0.67,0.2115
model-1573435907,1573440687,in_sample,0.69,0.2134, out_of_sample,0.67,0.2152
model-1573435907,1573440688,in_sample,0.74,0.1962, out_of_sample,0.78,0.1734
model-1573435907,1573440688,in_sample,0.71,0.2137, out_of_sample,0.62,0.2545
model-1573435907,1573440689,in_sample,0.67,0.2075, out_of_sample,0.61,0.2272
model-1573435907,1573440689,in_sample,0.67,0.2053, out_of_sample,0.6,0.2457
model-1573435907,1573440690,in_sample,0.67,0.2146, out_of_sample,0.69,0.1981
model-1573435907,1573440690,in_sample,0.61,0.2171, out_of_sample,0.67,0.211
model-1573435907,1573440691,in_sample,0.71,0.1943, out_of_sample,0.72,0.2019
model-1573435907,1573440691,in_sample,0.73,0.1938, out_of_sample,0.64,0.2129
model-1573435907,1573440692,in_sample,0.62,0.2093, out_of_sample,0.63,0.2147
model-1573435907,1573440692,in_sample,0.69,0.2072, out_of_sample,0.68,0.1999
model-1573435907,1573440693,in_sample,0.68,0.2104, out_of_sample,0.65,0.2126
model-1573435907,1573440693,in_sample,0.66,0.2131, out_of_sample,0.69,0.1852
model-1573435907,1573440694,in_sample,0.69,0.2092, out_of_sample,0.73,0.1803
model-1573435907,1573440694,in_sample,0.68,0.2085, out_of_sample,0.66,0.2118
model-1573435907,1573440694,in_sample,0.73,0.1879, out_of_sample,0.64,0.2361
model-1573435907,1573440695,in_sample,0.66,0.223, out_of_sample,0.59,0.2395
model-1573435907,1573440695,in_sample,0.57,0.2456, out_of_sample,0.71,0.1937
model-1573435907,1573440696,in_sample,0.66,0.1941, out_of_sample,0.67,0.2114
model-1573435907,1573440696,in_sample,0.65,0.2065, out_of_sample,0.67,0.2476
model-1573435907,1573440697,in_sample,0.71,0.207, out_of_sample,0.68,0.2172
model-1573435907,1573440697,in_sample,0.68,0.2181, out_of_sample,0.63,0.2133
model-1573435907,1573440698,in_sample,0.67,0.2052, out_of_sample,0.68,0.1975
model-1573435907,1573440698,in_sample,0.67,0.2063, out_of_sample,0.67,0.2248
model-1573435907,1573440699,in_sample,0.72,0.1949, out_of_sample,0.7,0.2072
model-1573435907,1573440699,in_sample,0.66,0.2144, out_of_sample,0.74,0.2032
model-1573435907,1573440700,in_sample,0.64,0.2037, out_of_sample,0.66,0.2153
model-1573435907,1573440700,in_sample,0.69,0.1879, out_of_sample,0.67,0.2073
model-1573435907,1573440701,in_sample,0.68,0.1943, out_of_sample,0.65,0.2192
model-1573435907,1573440701,in_sample,0.72,0.1976, out_of_sample,0.73,0.2067
model-1573435907,1573440702,in_sample,0.67,0.2064, out_of_sample,0.67,0.2325
model-1573435907,1573440702,in_sample,0.69,0.186, out_of_sample,0.67,0.2292
model-1573435907,1573440703,in_sample,0.63,0.211, out_of_sample,0.73,0.1913
model-1573435907,1573440703,in_sample,0.67,0.2157, out_of_sample,0.67,0.2222
model-1573435907,1573440704,in_sample,0.61,0.2204, out_of_sample,0.7,0.2005
model-1573435907,1573440704,in_sample,0.69,0.2054, out_of_sample,0.71,0.1807
model-1573435907,1573440705,in_sample,0.72,0.1816, out_of_sample,0.7,0.2155
model-1573435907,1573440705,in_sample,0.69,0.2101, out_of_sample,0.75,0.1774
model-1573435907,1573440706,in_sample,0.73,0.1881, out_of_sample,0.73,0.1808
model-1573435907,1573440706,in_sample,0.71,0.176, out_of_sample,0.67,0.224
model-1573435907,1573440707,in_sample,0.71,0.1935, out_of_sample,0.75,0.1734
model-1573435907,1573440707,in_sample,0.65,0.2111, out_of_sample,0.68,0.2251
model-1573435907,1573440707,in_sample,0.68,0.1981, out_of_sample,0.71,0.1863
model-1573435907,1573440708,in_sample,0.78,0.1703, out_of_sample,0.63,0.2399
model-1573435907,1573440708,in_sample,0.7,0.1924, out_of_sample,0.7,0.2137
model-1573435907,1573440709,in_sample,0.73,0.1951, out_of_sample,0.66,0.2226
model-1573435907,1573440709,in_sample,0.77,0.1611, out_of_sample,0.71,0.1883
model-1573435907,1573440710,in_sample,0.73,0.1887, out_of_sample,0.72,0.1865
model-1573435907,1573440710,in_sample,0.66,0.1988, out_of_sample,0.6,0.2607
model-1573435907,1573440711,in_sample,0.58,0.2348, out_of_sample,0.71,0.1746
model-1573435907,1573440711,in_sample,0.7,0.2126, out_of_sample,0.75,0.174
model-1573435907,1573440712,in_sample,0.67,0.2017, out_of_sample,0.61,0.2281
model-1573435907,1573440712,in_sample,0.68,0.2091, out_of_sample,0.71,0.2011
model-1573435907,1573440713,in_sample,0.67,0.207, out_of_sample,0.66,0.2232
model-1573435907,1573440713,in_sample,0.71,0.1949, out_of_sample,0.66,0.2382
model-1573435907,1573440714,in_sample,0.68,0.1877, out_of_sample,0.7,0.1829
model-1573435907,1573440714,in_sample,0.64,0.2045, out_of_sample,0.7,0.1863
model-1573435907,1573440715,in_sample,0.69,0.2213, out_of_sample,0.61,0.2274
model-1573435907,1573440715,in_sample,0.58,0.2317, out_of_sample,0.72,0.2012
model-1573435907,1573440716,in_sample,0.72,0.178, out_of_sample,0.71,0.1809
model-1573435907,1573440716,in_sample,0.64,0.2186, out_of_sample,0.76,0.1713
model-1573435907,1573440717,in_sample,0.71,0.1921, out_of_sample,0.75,0.1774
model-1573435907,1573440717,in_sample,0.68,0.1964, out_of_sample,0.7,0.2194
model-1573435907,1573440718,in_sample,0.72,0.1992, out_of_sample,0.71,0.2065
model-1573435907,1573440718,in_sample,0.65,0.2205, out_of_sample,0.69,0.2115
model-1573435907,1573440719,in_sample,0.67,0.2072, out_of_sample,0.72,0.1886
model-1573435907,1573440719,in_sample,0.76,0.1815, out_of_sample,0.64,0.2251
model-1573435907,1573440719,in_sample,0.75,0.1903, out_of_sample,0.62,0.2292
model-1573435907,1573440720,in_sample,0.76,0.1884, out_of_sample,0.71,0.1912
model-1573435907,1573440720,in_sample,0.72,0.1785, out_of_sample,0.7,0.1971
model-1573435907,1573440721,in_sample,0.67,0.2164, out_of_sample,0.65,0.2246
model-1573435907,1573440721,in_sample,0.69,0.2179, out_of_sample,0.72,0.2067
model-1573435907,1573440722,in_sample,0.66,0.2013, out_of_sample,0.7,0.1793
model-1573435907,1573440722,in_sample,0.74,0.1886, out_of_sample,0.7,0.2036
model-1573435907,1573440723,in_sample,0.7,0.2101, out_of_sample,0.64,0.2186
model-1573435907,1573440723,in_sample,0.72,0.193, out_of_sample,0.7,0.1969
model-1573435907,1573440724,in_sample,0.73,0.1896, out_of_sample,0.7,0.1982
model-1573435907,1573440724,in_sample,0.76,0.1708, out_of_sample,0.68,0.1957
model-1573435907,1573440725,in_sample,0.68,0.2115, out_of_sample,0.67,0.225
model-1573435907,1573440725,in_sample,0.68,0.2175, out_of_sample,0.71,0.2161
model-1573435907,1573440726,in_sample,0.71,0.189, out_of_sample,0.69,0.2051
model-1573435907,1573440726,in_sample,0.81,0.1687, out_of_sample,0.65,0.2267
model-1573435907,1573440726,in_sample,0.77,0.1704, out_of_sample,0.68,0.1979
model-1573435907,1573440727,in_sample,0.74,0.1846, out_of_sample,0.68,0.2094
model-1573435907,1573440727,in_sample,0.66,0.2192, out_of_sample,0.64,0.2266
model-1573435907,1573440728,in_sample,0.68,0.2047, out_of_sample,0.65,0.2232
model-1573435907,1573440728,in_sample,0.67,0.2088, out_of_sample,0.76,0.1847
model-1573435907,1573440729,in_sample,0.72,0.1832, out_of_sample,0.66,0.213
model-1573435907,1573440729,in_sample,0.73,0.1917, out_of_sample,0.78,0.1691
model-1573435907,1573440730,in_sample,0.74,0.1797, out_of_sample,0.73,0.1965
model-1573435907,1573440730,in_sample,0.74,0.1835, out_of_sample,0.8,0.1626
model-1573435907,1573440731,in_sample,0.68,0.189, out_of_sample,0.69,0.1913
model-1573435907,1573440731,in_sample,0.67,0.1854, out_of_sample,0.69,0.1885
model-1573435907,1573440732,in_sample,0.74,0.1728, out_of_sample,0.65,0.2036
model-1573435907,1573440732,in_sample,0.68,0.2154, out_of_sample,0.76,0.1746
model-1573435907,1573440733,in_sample,0.63,0.228, out_of_sample,0.76,0.1756
model-1573435907,1573440733,in_sample,0.61,0.2111, out_of_sample,0.73,0.1936
model-1573435907,1573440733,in_sample,0.67,0.2012, out_of_sample,0.64,0.2188
model-1573435907,1573440734,in_sample,0.73,0.1857, out_of_sample,0.6,0.2328
model-1573435907,1573440734,in_sample,0.69,0.2187, out_of_sample,0.69,0.1912
model-1573435907,1573440735,in_sample,0.79,0.1649, out_of_sample,0.66,0.2123
model-1573435907,1573440735,in_sample,0.68,0.224, out_of_sample,0.68,0.1995
model-1573435907,1573440736,in_sample,0.72,0.1837, out_of_sample,0.75,0.1754
model-1573435907,1573440736,in_sample,0.73,0.1907, out_of_sample,0.71,0.1903
model-1573435907,1573440737,in_sample,0.65,0.2259, out_of_sample,0.67,0.2151
model-1573435907,1573440737,in_sample,0.59,0.2154, out_of_sample,0.74,0.1834
model-1573435907,1573440738,in_sample,0.67,0.2038, out_of_sample,0.77,0.1757
model-1573435907,1573440738,in_sample,0.77,0.1688, out_of_sample,0.71,0.1931
model-1573435907,1573440739,in_sample,0.79,0.1534, out_of_sample,0.65,0.2068
model-1573435907,1573440739,in_sample,0.81,0.1597, out_of_sample,0.78,0.1594
model-1573435907,1573440740,in_sample,0.65,0.2284, out_of_sample,0.71,0.2098
model-1573435907,1573440740,in_sample,0.76,0.1667, out_of_sample,0.66,0.1975
model-1573435907,1573440741,in_sample,0.66,0.184, out_of_sample,0.62,0.2124
model-1573435907,1573440741,in_sample,0.67,0.2171, out_of_sample,0.71,0.2244
model-1573435907,1573440742,in_sample,0.73,0.1912, out_of_sample,0.68,0.1993
model-1573435907,1573440742,in_sample,0.7,0.1886, out_of_sample,0.72,0.1856
model-1573435907,1573440742,in_sample,0.77,0.1696, out_of_sample,0.82,0.1483
model-1573435907,1573440743,in_sample,0.68,0.2121, out_of_sample,0.64,0.2024
model-1573435907,1573440743,in_sample,0.71,0.1809, out_of_sample,0.74,0.1948
model-1573435907,1573440744,in_sample,0.7,0.2042, out_of_sample,0.72,0.1921
model-1573435907,1573440744,in_sample,0.59,0.2283, out_of_sample,0.65,0.2055
model-1573435907,1573440745,in_sample,0.68,0.2074, out_of_sample,0.75,0.1679
model-1573435907,1573440745,in_sample,0.65,0.2173, out_of_sample,0.63,0.219
model-1573435907,1573440746,in_sample,0.72,0.1964, out_of_sample,0.64,0.2473
model-1573435907,1573440746,in_sample,0.64,0.2192, out_of_sample,0.69,0.2006
model-1573435907,1573440747,in_sample,0.66,0.2158, out_of_sample,0.66,0.2006
model-1573435907,1573440747,in_sample,0.75,0.1773, out_of_sample,0.71,0.1804
model-1573435907,1573440748,in_sample,0.73,0.1845, out_of_sample,0.64,0.2201
model-1573435907,1573440748,in_sample,0.69,0.1986, out_of_sample,0.64,0.2259
model-1573435907,1573440749,in_sample,0.65,0.2303, out_of_sample,0.67,0.2195
model-1573435907,1573440749,in_sample,0.69,0.2075, out_of_sample,0.73,0.1942
model-1573435907,1573440750,in_sample,0.77,0.1714, out_of_sample,0.69,0.1961
model-1573435907,1573440750,in_sample,0.64,0.2034, out_of_sample,0.73,0.1826
model-1573435907,1573440751,in_sample,0.74,0.1773, out_of_sample,0.68,0.192
model-1573435907,1573440751,in_sample,0.75,0.1856, out_of_sample,0.66,0.1972
model-1573435907,1573440751,in_sample,0.7,0.1966, out_of_sample,0.73,0.1795
model-1573435907,1573440752,in_sample,0.73,0.1572, out_of_sample,0.68,0.1943
model-1573435907,1573440752,in_sample,0.75,0.1827, out_of_sample,0.6,0.2141
model-1573435907,1573440753,in_sample,0.66,0.1841, out_of_sample,0.73,0.177
model-1573435907,1573440754,in_sample,0.8,0.1511, out_of_sample,0.68,0.2086
model-1573435907,1573440754,in_sample,0.74,0.1795, out_of_sample,0.58,0.2521
model-1573435907,1573440755,in_sample,0.64,0.2257, out_of_sample,0.7,0.1847
model-1573435907,1573440755,in_sample,0.69,0.1934, out_of_sample,0.65,0.2195
model-1573435907,1573440755,in_sample,0.75,0.1499, out_of_sample,0.65,0.2104
model-1573435907,1573440756,in_sample,0.7,0.197, out_of_sample,0.78,0.173
model-1573435907,1573440756,in_sample,0.74,0.1978, out_of_sample,0.67,0.2135
model-1573435907,1573440757,in_sample,0.69,0.2249, out_of_sample,0.66,0.2208
model-1573435907,1573440757,in_sample,0.72,0.1865, out_of_sample,0.65,0.203
model-1573435907,1573440758,in_sample,0.74,0.1733, out_of_sample,0.63,0.2232
model-1573435907,1573440758,in_sample,0.7,0.2146, out_of_sample,0.67,0.2037
model-1573435907,1573440759,in_sample,0.75,0.1726, out_of_sample,0.75,0.1761
model-1573435907,1573440759,in_sample,0.62,0.2323, out_of_sample,0.75,0.1762
model-1573435907,1573440760,in_sample,0.74,0.1929, out_of_sample,0.7,0.1723
model-1573435907,1573440760,in_sample,0.72,0.1833, out_of_sample,0.66,0.197
model-1573435907,1573440761,in_sample,0.71,0.202, out_of_sample,0.7,0.2001
model-1573435907,1573440761,in_sample,0.74,0.2006, out_of_sample,0.72,0.19
model-1573435907,1573440762,in_sample,0.74,0.1801, out_of_sample,0.73,0.1873
model-1573435907,1573440762,in_sample,0.76,0.1671, out_of_sample,0.75,0.1813
model-1573435907,1573440763,in_sample,0.71,0.2099, out_of_sample,0.7,0.1887
model-1573435907,1573440763,in_sample,0.7,0.1792, out_of_sample,0.73,0.1728
model-1573435907,1573440764,in_sample,0.69,0.2, out_of_sample,0.72,0.2064
model-1573435907,1573440764,in_sample,0.79,0.1587, out_of_sample,0.73,0.1814
model-1573435907,1573440765,in_sample,0.71,0.1828, out_of_sample,0.74,0.1802
model-1573435907,1573440765,in_sample,0.74,0.1883, out_of_sample,0.69,0.1916
model-1573435907,1573440766,in_sample,0.8,0.1614, out_of_sample,0.67,0.217
model-1573435907,1573440766,in_sample,0.74,0.1958, out_of_sample,0.75,0.1675
model-1573435907,1573440767,in_sample,0.65,0.1963, out_of_sample,0.7,0.2085
model-1573435907,1573440767,in_sample,0.67,0.2008, out_of_sample,0.75,0.1666
model-1573435907,1573440768,in_sample,0.72,0.186, out_of_sample,0.62,0.2444
model-1573435907,1573440768,in_sample,0.72,0.1767, out_of_sample,0.65,0.2255
model-1573435907,1573440768,in_sample,0.71,0.1855, out_of_sample,0.64,0.2317
model-1573435907,1573440769,in_sample,0.81,0.161, out_of_sample,0.71,0.2043
model-1573435907,1573440769,in_sample,0.71,0.1876, out_of_sample,0.7,0.2059
model-1573435907,1573440770,in_sample,0.68,0.1859, out_of_sample,0.72,0.2164
model-1573435907,1573440770,in_sample,0.69,0.1703, out_of_sample,0.73,0.1918
model-1573435907,1573440771,in_sample,0.77,0.1706, out_of_sample,0.71,0.1828
model-1573435907,1573440771,in_sample,0.75,0.1768, out_of_sample,0.71,0.1849
model-1573435907,1573440772,in_sample,0.69,0.1773, out_of_sample,0.7,0.1962
model-1573435907,1573440772,in_sample,0.63,0.2075, out_of_sample,0.69,0.2247
model-1573435907,1573440773,in_sample,0.71,0.1769, out_of_sample,0.66,0.2146
model-1573435907,1573440773,in_sample,0.72,0.1963, out_of_sample,0.75,0.1661
model-1573435907,1573440774,in_sample,0.76,0.162, out_of_sample,0.72,0.171
model-1573435907,1573440774,in_sample,0.67,0.2008, out_of_sample,0.73,0.1762
model-1573435907,1573440775,in_sample,0.72,0.1979, out_of_sample,0.66,0.1876
model-1573435907,1573440775,in_sample,0.7,0.2206, out_of_sample,0.6,0.2413
model-1573435907,1573440776,in_sample,0.65,0.2257, out_of_sample,0.69,0.1966
model-1573435907,1573440776,in_sample,0.65,0.198, out_of_sample,0.73,0.2085
model-1573435907,1573440777,in_sample,0.67,0.2135, out_of_sample,0.73,0.1857
model-1573435907,1573440777,in_sample,0.83,0.1504, out_of_sample,0.66,0.2081
model-1573435907,1573440778,in_sample,0.69,0.182, out_of_sample,0.69,0.1995
model-1573435907,1573440778,in_sample,0.69,0.2264, out_of_sample,0.76,0.1787
model-1573435907,1573440779,in_sample,0.58,0.244, out_of_sample,0.81,0.1389
model-1573435907,1573440779,in_sample,0.77,0.1519, out_of_sample,0.69,0.1902
model-1573435907,1573440780,in_sample,0.67,0.2219, out_of_sample,0.68,0.2033
model-1573435907,1573440780,in_sample,0.59,0.2179, out_of_sample,0.67,0.2197
model-1573435907,1573440781,in_sample,0.72,0.184, out_of_sample,0.66,0.2144
model-1573435907,1573440781,in_sample,0.66,0.1945, out_of_sample,0.67,0.2093
model-1573435907,1573440782,in_sample,0.68,0.2063, out_of_sample,0.71,0.2143
model-1573435907,1573440782,in_sample,0.67,0.1964, out_of_sample,0.6,0.2105
model-1573435907,1573440783,in_sample,0.66,0.2136, out_of_sample,0.66,0.206
model-1573435907,1573440783,in_sample,0.76,0.1804, out_of_sample,0.71,0.184
model-1573435907,1573440784,in_sample,0.65,0.188, out_of_sample,0.81,0.152
model-1573435907,1573440784,in_sample,0.65,0.2175, out_of_sample,0.71,0.1921
model-1573435907,1573440785,in_sample,0.67,0.1969, out_of_sample,0.82,0.139
model-1573435907,1573440785,in_sample,0.63,0.2272, out_of_sample,0.72,0.1925
model-1573435907,1573440785,in_sample,0.72,0.1936, out_of_sample,0.63,0.2184
model-1573435907,1573440786,in_sample,0.7,0.1945, out_of_sample,0.66,0.2071
model-1573435907,1573440786,in_sample,0.74,0.1817, out_of_sample,0.83,0.1406
model-1573435907,1573440787,in_sample,0.79,0.1868, out_of_sample,0.7,0.1935
model-1573435907,1573440787,in_sample,0.76,0.1745, out_of_sample,0.74,0.182
model-1573435907,1573440788,in_sample,0.7,0.1698, out_of_sample,0.73,0.1971
model-1573435907,1573440788,in_sample,0.77,0.1659, out_of_sample,0.64,0.2089
model-1573435907,1573440789,in_sample,0.68,0.2092, out_of_sample,0.59,0.2142
model-1573435907,1573440789,in_sample,0.8,0.1603, out_of_sample,0.67,0.1934
model-1573435907,1573440790,in_sample,0.74,0.1635, out_of_sample,0.76,0.168
model-1573435907,1573440790,in_sample,0.71,0.1936, out_of_sample,0.68,0.2095
model-1573435907,1573440791,in_sample,0.68,0.2098, out_of_sample,0.82,0.1434
model-1573435907,1573440791,in_sample,0.7,0.2014, out_of_sample,0.68,0.199
model-1573435907,1573440792,in_sample,0.77,0.1632, out_of_sample,0.69,0.2055
model-1573435907,1573440792,in_sample,0.73,0.1763, out_of_sample,0.76,0.1837
model-1573435907,1573440793,in_sample,0.69,0.2094, out_of_sample,0.72,0.1937
model-1573435907,1573440793,in_sample,0.66,0.1841, out_of_sample,0.75,0.1676
model-1573435907,1573440794,in_sample,0.76,0.1681, out_of_sample,0.7,0.197
model-1573435907,1573440794,in_sample,0.76,0.1709, out_of_sample,0.7,0.1744
model-1573435907,1573440795,in_sample,0.64,0.212, out_of_sample,0.77,0.1872
model-1573435907,1573440795,in_sample,0.77,0.162, out_of_sample,0.74,0.1928
model-1573435907,1573440795,in_sample,0.71,0.1975, out_of_sample,0.65,0.2122
model-1573435907,1573440796,in_sample,0.7,0.2031, out_of_sample,0.74,0.1768
model-1573435907,1573440796,in_sample,0.72,0.1822, out_of_sample,0.83,0.146
model-1573435907,1573440797,in_sample,0.74,0.1857, out_of_sample,0.72,0.1769
model-1573435907,1573440797,in_sample,0.75,0.1764, out_of_sample,0.77,0.1742
model-1573435907,1573440798,in_sample,0.74,0.1862, out_of_sample,0.82,0.1529
model-1573435907,1573440798,in_sample,0.67,0.1806, out_of_sample,0.8,0.1529
model-1573435907,1573440799,in_sample,0.79,0.1632, out_of_sample,0.7,0.1975
model-1573435907,1573440799,in_sample,0.73,0.1775, out_of_sample,0.72,0.1858
model-1573435907,1573440800,in_sample,0.74,0.1874, out_of_sample,0.66,0.207
model-1573435907,1573440800,in_sample,0.81,0.1456, out_of_sample,0.69,0.2071
model-1573435907,1573440801,in_sample,0.72,0.1956, out_of_sample,0.83,0.1254
model-1573435907,1573440801,in_sample,0.74,0.1708, out_of_sample,0.65,0.2256
model-1573435907,1573440802,in_sample,0.76,0.1903, out_of_sample,0.72,0.1721
model-1573435907,1573440802,in_sample,0.81,0.1427, out_of_sample,0.67,0.218
model-1573435907,1573440803,in_sample,0.74,0.1891, out_of_sample,0.73,0.1784
model-1573435907,1573440803,in_sample,0.65,0.2158, out_of_sample,0.75,0.1783
model-1573435907,1573440804,in_sample,0.75,0.1636, out_of_sample,0.71,0.2024
model-1573435907,1573440804,in_sample,0.71,0.1956, out_of_sample,0.72,0.1611
model-1573435907,1573440805,in_sample,0.77,0.1692, out_of_sample,0.78,0.1538
model-1573435907,1573440805,in_sample,0.7,0.2044, out_of_sample,0.76,0.1598
model-1573435907,1573440806,in_sample,0.74,0.1689, out_of_sample,0.78,0.1478
model-1573435907,1573440806,in_sample,0.65,0.1909, out_of_sample,0.63,0.2116
model-1573435907,1573440807,in_sample,0.73,0.1854, out_of_sample,0.69,0.2108
model-1573435907,1573440807,in_sample,0.66,0.1956, out_of_sample,0.77,0.1533
model-1573435907,1573440808,in_sample,0.75,0.1794, out_of_sample,0.74,0.1729
model-1573435907,1573440808,in_sample,0.77,0.1574, out_of_sample,0.7,0.1905
model-1573435907,1573440809,in_sample,0.76,0.1586, out_of_sample,0.74,0.1899
model-1573435907,1573440809,in_sample,0.66,0.1933, out_of_sample,0.68,0.1788
model-1573435907,1573440809,in_sample,0.6,0.2048, out_of_sample,0.76,0.1436
model-1573435907,1573440810,in_sample,0.76,0.1658, out_of_sample,0.69,0.184
model-1573435907,1573440810,in_sample,0.7,0.1852, out_of_sample,0.63,0.214
model-1573435907,1573440811,in_sample,0.67,0.2126, out_of_sample,0.73,0.1676
model-1573435907,1573440811,in_sample,0.69,0.1943, out_of_sample,0.73,0.197
model-1573435907,1573440812,in_sample,0.72,0.1811, out_of_sample,0.73,0.1711
model-1573435907,1573440812,in_sample,0.75,0.1626, out_of_sample,0.73,0.1957
model-1573435907,1573440813,in_sample,0.74,0.2057, out_of_sample,0.7,0.2094
model-1573435907,1573440813,in_sample,0.76,0.1689, out_of_sample,0.73,0.1782
model-1573435907,1573440814,in_sample,0.73,0.1673, out_of_sample,0.77,0.1753
model-1573435907,1573440814,in_sample,0.76,0.1779, out_of_sample,0.73,0.1953
model-1573435907,1573440815,in_sample,0.68,0.1909, out_of_sample,0.79,0.1514
model-1573435907,1573440815,in_sample,0.72,0.1797, out_of_sample,0.71,0.2058
model-1573435907,1573440816,in_sample,0.76,0.149, out_of_sample,0.77,0.1597
model-1573435907,1573440816,in_sample,0.74,0.1905, out_of_sample,0.71,0.1931
model-1573435907,1573440817,in_sample,0.71,0.1899, out_of_sample,0.72,0.1798
model-1573435907,1573440817,in_sample,0.77,0.1576, out_of_sample,0.72,0.2
model-1573435907,1573440817,in_sample,0.77,0.1663, out_of_sample,0.68,0.2147
model-1573435907,1573440818,in_sample,0.72,0.1743, out_of_sample,0.68,0.2115
model-1573435907,1573440818,in_sample,0.67,0.2118, out_of_sample,0.64,0.2047
model-1573435907,1573440819,in_sample,0.67,0.1921, out_of_sample,0.64,0.2192
model-1573435907,1573440819,in_sample,0.71,0.1807, out_of_sample,0.69,0.2048
model-1573435907,1573440820,in_sample,0.74,0.1713, out_of_sample,0.68,0.2116
model-1573435907,1573440820,in_sample,0.73,0.1918, out_of_sample,0.77,0.1693
model-1573435907,1573440821,in_sample,0.74,0.1819, out_of_sample,0.77,0.1561
model-1573435907,1573440821,in_sample,0.79,0.1507, out_of_sample,0.7,0.2061
model-1573435907,1573440822,in_sample,0.72,0.1795, out_of_sample,0.68,0.206
model-1573435907,1573440822,in_sample,0.65,0.2276, out_of_sample,0.69,0.1974
model-1573435907,1573440823,in_sample,0.69,0.1932, out_of_sample,0.72,0.1901
model-1573435907,1573440823,in_sample,0.75,0.159, out_of_sample,0.74,0.1731
model-1573435907,1573440824,in_sample,0.64,0.2126, out_of_sample,0.73,0.1944
model-1573435907,1573440824,in_sample,0.76,0.1755, out_of_sample,0.74,0.1691
model-1573435907,1573440825,in_sample,0.7,0.1891, out_of_sample,0.73,0.2122
model-1573435907,1573440825,in_sample,0.72,0.1913, out_of_sample,0.74,0.1804
model-1573435907,1573440826,in_sample,0.67,0.2064, out_of_sample,0.72,0.182
model-1573435907,1573440826,in_sample,0.71,0.1819, out_of_sample,0.76,0.1569
model-1573435907,1573440827,in_sample,0.83,0.149, out_of_sample,0.75,0.1798
model-1573435907,1573440827,in_sample,0.8,0.1502, out_of_sample,0.68,0.2113
model-1573435907,1573440828,in_sample,0.75,0.1684, out_of_sample,0.7,0.199
model-1573435907,1573440828,in_sample,0.75,0.1583, out_of_sample,0.74,0.18
model-1573435907,1573440829,in_sample,0.73,0.186, out_of_sample,0.79,0.144
model-1573435907,1573440829,in_sample,0.72,0.2057, out_of_sample,0.7,0.1965
model-1573435907,1573440830,in_sample,0.7,0.1914, out_of_sample,0.72,0.1893
model-1573435907,1573440830,in_sample,0.76,0.1765, out_of_sample,0.76,0.1767
model-1573435907,1573440830,in_sample,0.69,0.2104, out_of_sample,0.66,0.2066
model-1573435907,1573440831,in_sample,0.76,0.161, out_of_sample,0.76,0.1756
model-1573435907,1573440831,in_sample,0.72,0.1777, out_of_sample,0.79,0.1533
model-1573435907,1573440832,in_sample,0.75,0.1593, out_of_sample,0.69,0.1998
model-1573435907,1573440832,in_sample,0.74,0.1806, out_of_sample,0.74,0.1956
model-1573435907,1573440833,in_sample,0.74,0.1928, out_of_sample,0.76,0.1798
model-1573435907,1573440833,in_sample,0.75,0.1635, out_of_sample,0.69,0.1866
model-1573435907,1573440834,in_sample,0.8,0.1569, out_of_sample,0.64,0.1983
model-1573435907,1573440834,in_sample,0.78,0.1665, out_of_sample,0.7,0.1929
model-1573435907,1573440835,in_sample,0.79,0.1574, out_of_sample,0.77,0.18
model-1573435907,1573440835,in_sample,0.68,0.1944, out_of_sample,0.73,0.1721
model-1573435907,1573440836,in_sample,0.69,0.1981, out_of_sample,0.68,0.1948
model-1573435907,1573440836,in_sample,0.73,0.1785, out_of_sample,0.77,0.1573
model-1573435907,1573440837,in_sample,0.8,0.1521, out_of_sample,0.69,0.2113
model-1573435907,1573440837,in_sample,0.76,0.1737, out_of_sample,0.78,0.1664
model-1573435907,1573440838,in_sample,0.78,0.1634, out_of_sample,0.73,0.2076
model-1573435907,1573440838,in_sample,0.76,0.1777, out_of_sample,0.79,0.1314
model-1573435907,1573440839,in_sample,0.79,0.16, out_of_sample,0.69,0.2023
model-1573435907,1573440839,in_sample,0.73,0.1641, out_of_sample,0.68,0.1867
model-1573435907,1573440840,in_sample,0.78,0.1428, out_of_sample,0.67,0.17
model-1573435907,1573440840,in_sample,0.7,0.1889, out_of_sample,0.66,0.1919
model-1573435907,1573440841,in_sample,0.7,0.1946, out_of_sample,0.79,0.1582
model-1573435907,1573440841,in_sample,0.67,0.2116, out_of_sample,0.74,0.1758
model-1573435907,1573440842,in_sample,0.69,0.1897, out_of_sample,0.7,0.2136
model-1573435907,1573440842,in_sample,0.76,0.1671, out_of_sample,0.75,0.1727
model-1573435907,1573440843,in_sample,0.74,0.197, out_of_sample,0.74,0.1549
model-1573435907,1573440843,in_sample,0.78,0.1537, out_of_sample,0.81,0.1607
model-1573435907,1573440844,in_sample,0.69,0.1878, out_of_sample,0.74,0.1664
model-1573435907,1573440844,in_sample,0.77,0.1465, out_of_sample,0.73,0.1812
model-1573435907,1573440845,in_sample,0.77,0.1678, out_of_sample,0.77,0.147
model-1573435907,1573440845,in_sample,0.68,0.1971, out_of_sample,0.79,0.1407
model-1573435907,1573440846,in_sample,0.68,0.1919, out_of_sample,0.78,0.1575
model-1573435907,1573440846,in_sample,0.77,0.1662, out_of_sample,0.79,0.1367
model-1573435907,1573440847,in_sample,0.79,0.1417, out_of_sample,0.8,0.1372
model-1573435907,1573440847,in_sample,0.81,0.1407, out_of_sample,0.72,0.2136
model-1573435907,1573440848,in_sample,0.81,0.1412, out_of_sample,0.71,0.2018
model-1573435907,1573440848,in_sample,0.72,0.1879, out_of_sample,0.73,0.1724
model-1573435907,1573440849,in_sample,0.81,0.1594, out_of_sample,0.7,0.2053
model-1573435907,1573440849,in_sample,0.73,0.1749, out_of_sample,0.67,0.1975
model-1573435907,1573440849,in_sample,0.75,0.1907, out_of_sample,0.65,0.204
model-1573435907,1573440850,in_sample,0.76,0.1589, out_of_sample,0.73,0.1702
model-1573435907,1573440850,in_sample,0.75,0.1567, out_of_sample,0.71,0.1773
model-1573435907,1573440851,in_sample,0.8,0.1525, out_of_sample,0.75,0.1637
model-1573435907,1573440851,in_sample,0.73,0.181, out_of_sample,0.76,0.1535
model-1573435907,1573440852,in_sample,0.74,0.1655, out_of_sample,0.67,0.2008
model-1573435907,1573440852,in_sample,0.77,0.1641, out_of_sample,0.8,0.1597
model-1573435907,1573440853,in_sample,0.68,0.1906, out_of_sample,0.71,0.1958
model-1573435907,1573440853,in_sample,0.75,0.1732, out_of_sample,0.72,0.1737
model-1573435907,1573440854,in_sample,0.7,0.1969, out_of_sample,0.7,0.2044
model-1573435907,1573440854,in_sample,0.74,0.165, out_of_sample,0.76,0.1635
model-1573435907,1573440855,in_sample,0.72,0.183, out_of_sample,0.76,0.1761
model-1573435907,1573440855,in_sample,0.74,0.1677, out_of_sample,0.77,0.1525
model-1573435907,1573440856,in_sample,0.7,0.1789, out_of_sample,0.73,0.1836
model-1573435907,1573440856,in_sample,0.72,0.1722, out_of_sample,0.76,0.1832
model-1573435907,1573440857,in_sample,0.71,0.1794, out_of_sample,0.77,0.1771
model-1573435907,1573440857,in_sample,0.71,0.2085, out_of_sample,0.74,0.1734
model-1573435907,1573440858,in_sample,0.69,0.1925, out_of_sample,0.75,0.1644
model-1573435907,1573440858,in_sample,0.75,0.1621, out_of_sample,0.7,0.1774
model-1573435907,1573440859,in_sample,0.69,0.2047, out_of_sample,0.76,0.1472
model-1573435907,1573440859,in_sample,0.74,0.1639, out_of_sample,0.76,0.1625
model-1573435907,1573440860,in_sample,0.75,0.1715, out_of_sample,0.79,0.1518
model-1573435907,1573440860,in_sample,0.7,0.1985, out_of_sample,0.73,0.1816
model-1573435907,1573440861,in_sample,0.78,0.1516, out_of_sample,0.66,0.2199
model-1573435907,1573440861,in_sample,0.79,0.1598, out_of_sample,0.65,0.2207
model-1573435907,1573440862,in_sample,0.72,0.1656, out_of_sample,0.62,0.2086
model-1573435907,1573440862,in_sample,0.69,0.1703, out_of_sample,0.68,0.2087
model-1573435907,1573440863,in_sample,0.77,0.1719, out_of_sample,0.67,0.2396
model-1573435907,1573440863,in_sample,0.67,0.1968, out_of_sample,0.73,0.1875
model-1573435907,1573440864,in_sample,0.71,0.1818, out_of_sample,0.7,0.2163
model-1573435907,1573440864,in_sample,0.75,0.1578, out_of_sample,0.69,0.2273
model-1573435907,1573440865,in_sample,0.79,0.176, out_of_sample,0.78,0.1586
model-1573435907,1573440865,in_sample,0.73,0.1605, out_of_sample,0.72,0.1979
model-1573435907,1573440866,in_sample,0.65,0.2167, out_of_sample,0.73,0.183
model-1573435907,1573440866,in_sample,0.79,0.1564, out_of_sample,0.68,0.2132
model-1573435907,1573440867,in_sample,0.77,0.1583, out_of_sample,0.76,0.153
model-1573435907,1573440867,in_sample,0.68,0.1888, out_of_sample,0.71,0.1942
model-1573435907,1573440868,in_sample,0.78,0.1583, out_of_sample,0.8,0.1412
model-1573435907,1573440868,in_sample,0.68,0.2163, out_of_sample,0.78,0.1436
model-1573435907,1573440868,in_sample,0.72,0.189, out_of_sample,0.64,0.1703
model-1573435907,1573440869,in_sample,0.75,0.1616, out_of_sample,0.71,0.1934
model-1573435907,1573440869,in_sample,0.73,0.1752, out_of_sample,0.69,0.1849
model-1573435907,1573440870,in_sample,0.75,0.1741, out_of_sample,0.74,0.1675
model-1573435907,1573440870,in_sample,0.75,0.1655, out_of_sample,0.66,0.2033
model-1573435907,1573440871,in_sample,0.79,0.1551, out_of_sample,0.72,0.1886
model-1573435907,1573440871,in_sample,0.77,0.1616, out_of_sample,0.76,0.1672
model-1573435907,1573440872,in_sample,0.79,0.1437, out_of_sample,0.7,0.1816
model-1573435907,1573440872,in_sample,0.73,0.1707, out_of_sample,0.72,0.1896
model-1573435907,1573440873,in_sample,0.79,0.1471, out_of_sample,0.78,0.1662
model-1573435907,1573440873,in_sample,0.72,0.1683, out_of_sample,0.77,0.1673
model-1573435907,1573440874,in_sample,0.8,0.1443, out_of_sample,0.68,0.1938
model-1573435907,1573440874,in_sample,0.81,0.1314, out_of_sample,0.74,0.1719
model-1573435907,1573440875,in_sample,0.72,0.1759, out_of_sample,0.79,0.156
model-1573435907,1573440875,in_sample,0.73,0.1831, out_of_sample,0.68,0.1945
model-1573435907,1573440876,in_sample,0.75,0.1668, out_of_sample,0.71,0.1854
model-1573435907,1573440876,in_sample,0.79,0.1603, out_of_sample,0.76,0.1686
model-1573435907,1573440877,in_sample,0.72,0.1464, out_of_sample,0.85,0.1259
model-1573435907,1573440877,in_sample,0.75,0.1635, out_of_sample,0.7,0.2202
model-1573435907,1573440878,in_sample,0.78,0.1597, out_of_sample,0.7,0.2095
model-1573435907,1573440878,in_sample,0.75,0.1702, out_of_sample,0.74,0.1935
model-1573435907,1573440879,in_sample,0.72,0.1772, out_of_sample,0.75,0.1713
model-1573435907,1573440879,in_sample,0.77,0.1454, out_of_sample,0.78,0.1535
model-1573435907,1573440880,in_sample,0.78,0.1598, out_of_sample,0.7,0.2044
model-1573435907,1573440880,in_sample,0.86,0.1408, out_of_sample,0.81,0.158
model-1573435907,1573440881,in_sample,0.76,0.1474, out_of_sample,0.8,0.1384
model-1573435907,1573440881,in_sample,0.71,0.1815, out_of_sample,0.74,0.1748
model-1573435907,1573440882,in_sample,0.72,0.1633, out_of_sample,0.75,0.1803
model-1573435907,1573440882,in_sample,0.76,0.1625, out_of_sample,0.78,0.1635
model-1573435907,1573440883,in_sample,0.82,0.1431, out_of_sample,0.69,0.2198
model-1573435907,1573440883,in_sample,0.69,0.187, out_of_sample,0.75,0.1735
model-1573435907,1573440884,in_sample,0.74,0.1788, out_of_sample,0.64,0.2179
model-1573435907,1573440884,in_sample,0.7,0.1922, out_of_sample,0.79,0.1399
model-1573435907,1573440885,in_sample,0.75,0.186, out_of_sample,0.72,0.2243
model-1573435907,1573440885,in_sample,0.73,0.1797, out_of_sample,0.7,0.201
model-1573435907,1573440886,in_sample,0.69,0.1969, out_of_sample,0.74,0.1753
model-1573435907,1573440886,in_sample,0.86,0.1376, out_of_sample,0.76,0.1626
model-1573435907,1573440887,in_sample,0.79,0.1386, out_of_sample,0.74,0.1694
model-1573435907,1573440887,in_sample,0.72,0.1962, out_of_sample,0.7,0.1964
model-1573435907,1573440888,in_sample,0.61,0.2217, out_of_sample,0.72,0.1994
model-1573435907,1573440888,in_sample,0.78,0.1496, out_of_sample,0.84,0.1363
model-1573435907,1573440889,in_sample,0.7,0.1812, out_of_sample,0.75,0.1717
model-1573435907,1573440889,in_sample,0.73,0.1948, out_of_sample,0.62,0.216
model-1573435907,1573440890,in_sample,0.72,0.1666, out_of_sample,0.71,0.1728
model-1573435907,1573440890,in_sample,0.71,0.1787, out_of_sample,0.79,0.15
model-1573435907,1573440890,in_sample,0.7,0.1884, out_of_sample,0.66,0.1819
model-1573435907,1573440891,in_sample,0.75,0.1562, out_of_sample,0.72,0.1762
model-1573435907,1573440891,in_sample,0.71,0.1811, out_of_sample,0.76,0.1685
model-1573435907,1573440892,in_sample,0.76,0.1607, out_of_sample,0.74,0.181
model-1573435907,1573440892,in_sample,0.74,0.1757, out_of_sample,0.81,0.1538
model-1573435907,1573440893,in_sample,0.65,0.2045, out_of_sample,0.77,0.1572
model-1573435907,1573440893,in_sample,0.74,0.1783, out_of_sample,0.72,0.1885
model-1573435907,1573440894,in_sample,0.73,0.197, out_of_sample,0.74,0.1957
model-1573435907,1573440894,in_sample,0.77,0.1862, out_of_sample,0.75,0.1629
model-1573435907,1573440895,in_sample,0.79,0.1485, out_of_sample,0.71,0.1789
model-1573435907,1573440895,in_sample,0.81,0.1464, out_of_sample,0.79,0.1667
model-1573435907,1573440896,in_sample,0.81,0.1645, out_of_sample,0.78,0.1531
model-1573435907,1573440896,in_sample,0.77,0.1496, out_of_sample,0.72,0.1918
model-1573435907,1573440897,in_sample,0.76,0.1457, out_of_sample,0.67,0.2075
model-1573435907,1573440897,in_sample,0.76,0.1617, out_of_sample,0.77,0.1414
model-1573435907,1573440897,in_sample,0.77,0.1701, out_of_sample,0.82,0.1404
model-1573435907,1573440898,in_sample,0.8,0.151, out_of_sample,0.7,0.2099
model-1573435907,1573440898,in_sample,0.7,0.1666, out_of_sample,0.71,0.1908
model-1573435907,1573440899,in_sample,0.76,0.1711, out_of_sample,0.65,0.2147
model-1573435907,1573440899,in_sample,0.71,0.2061, out_of_sample,0.76,0.1645
model-1573435907,1573440900,in_sample,0.72,0.1704, out_of_sample,0.78,0.1731
model-1573435907,1573440900,in_sample,0.81,0.143, out_of_sample,0.7,0.1915
model-1573435907,1573440901,in_sample,0.75,0.1602, out_of_sample,0.75,0.1663
model-1573435907,1573440901,in_sample,0.69,0.1958, out_of_sample,0.25,0.4361
model-1573435907,1573440902,in_sample,0.71,0.1682, out_of_sample,0.68,0.226
model-1573435907,1573440902,in_sample,0.8,0.151, out_of_sample,0.73,0.1999
model-1573435907,1573440903,in_sample,0.79,0.1565, out_of_sample,0.78,0.1476
model-1573435907,1573440903,in_sample,0.68,0.2025, out_of_sample,0.83,0.1421
model-1573435907,1573440903,in_sample,0.79,0.1499, out_of_sample,0.66,0.2055
model-1573435907,1573440904,in_sample,0.78,0.1707, out_of_sample,0.73,0.1802
model-1573435907,1573440904,in_sample,0.75,0.1819, out_of_sample,0.72,0.1982
model-1573435907,1573440905,in_sample,0.71,0.1763, out_of_sample,0.73,0.1892
model-1573435907,1573440905,in_sample,0.75,0.1836, out_of_sample,0.75,0.1653
model-1573435907,1573440906,in_sample,0.74,0.1639, out_of_sample,0.73,0.1905
model-1573435907,1573440906,in_sample,0.73,0.1681, out_of_sample,0.64,0.2145
model-1573435907,1573440907,in_sample,0.8,0.1586, out_of_sample,0.78,0.1424
model-1573435907,1573440907,in_sample,0.79,0.1474, out_of_sample,0.81,0.1473
model-1573435907,1573440908,in_sample,0.73,0.1721, out_of_sample,0.81,0.1378
model-1573435907,1573440908,in_sample,0.77,0.1708, out_of_sample,0.79,0.1515
model-1573435907,1573440909,in_sample,0.81,0.1368, out_of_sample,0.76,0.1657
model-1573435907,1573440909,in_sample,0.77,0.1801, out_of_sample,0.86,0.1348
model-1573435907,1573440910,in_sample,0.79,0.1556, out_of_sample,0.71,0.2034
model-1573435907,1573440910,in_sample,0.75,0.175, out_of_sample,0.64,0.2719
model-1573435907,1573440911,in_sample,0.86,0.1143, out_of_sample,0.75,0.1617
model-1573435907,1573440911,in_sample,0.75,0.1747, out_of_sample,0.7,0.1963
model-1573435907,1573440912,in_sample,0.64,0.2152, out_of_sample,0.84,0.1351
model-1573435907,1573440912,in_sample,0.77,0.1483, out_of_sample,0.83,0.1332
model-1573435907,1573440913,in_sample,0.7,0.1748, out_of_sample,0.78,0.1614
model-1573435907,1573440913,in_sample,0.75,0.1625, out_of_sample,0.86,0.107
model-1573435907,1573440914,in_sample,0.75,0.1825, out_of_sample,0.77,0.1772
model-1573435907,1573440914,in_sample,0.78,0.1554, out_of_sample,0.83,0.1328
model-1573435907,1573440915,in_sample,0.75,0.1594, out_of_sample,0.8,0.1536
model-1573435907,1573440915,in_sample,0.75,0.1692, out_of_sample,0.86,0.1232
model-1573435907,1573440916,in_sample,0.72,0.1814, out_of_sample,0.82,0.1379
model-1573435907,1573440916,in_sample,0.72,0.1732, out_of_sample,0.72,0.1861
model-1573435907,1573440917,in_sample,0.81,0.1484, out_of_sample,0.81,0.1511
model-1573435907,1573440917,in_sample,0.79,0.1512, out_of_sample,0.79,0.1603
model-1573435907,1573440918,in_sample,0.74,0.1722, out_of_sample,0.79,0.1462
model-1573435907,1573440918,in_sample,0.79,0.1499, out_of_sample,0.77,0.1526
model-1573435907,1573440918,in_sample,0.74,0.1547, out_of_sample,0.83,0.1265
model-1573435907,1573440919,in_sample,0.75,0.1617, out_of_sample,0.79,0.1606
model-1573435907,1573440919,in_sample,0.72,0.1716, out_of_sample,0.73,0.1694
model-1573435907,1573440920,in_sample,0.78,0.1595, out_of_sample,0.68,0.1994
model-1573435907,1573440920,in_sample,0.76,0.1648, out_of_sample,0.7,0.1774
model-1573435907,1573440921,in_sample,0.81,0.1411, out_of_sample,0.66,0.2078
model-1573435907,1573440921,in_sample,0.76,0.1856, out_of_sample,0.72,0.2034
model-1573435907,1573440922,in_sample,0.83,0.1332, out_of_sample,0.82,0.144
model-1573435907,1573440922,in_sample,0.76,0.1402, out_of_sample,0.66,0.2141
model-1573435907,1573440923,in_sample,0.79,0.1485, out_of_sample,0.68,0.2161
model-1573435907,1573440923,in_sample,0.77,0.156, out_of_sample,0.71,0.1919
model-1573435907,1573440924,in_sample,0.78,0.161, out_of_sample,0.76,0.1625
model-1573435907,1573440924,in_sample,0.76,0.1432, out_of_sample,0.78,0.1774
model-1573435907,1573440925,in_sample,0.78,0.1653, out_of_sample,0.79,0.1496
model-1573435907,1573440925,in_sample,0.71,0.179, out_of_sample,0.71,0.1772
model-1573435907,1573440925,in_sample,0.78,0.153, out_of_sample,0.74,0.1894
model-1573435907,1573440926,in_sample,0.82,0.1363, out_of_sample,0.67,0.2046
model-1573435907,1573440926,in_sample,0.75,0.155, out_of_sample,0.73,0.1873
model-1573435907,1573440927,in_sample,0.71,0.1913, out_of_sample,0.68,0.1966
model-1573435907,1573440927,in_sample,0.74,0.1779, out_of_sample,0.73,0.182
model-1573435907,1573440928,in_sample,0.81,0.147, out_of_sample,0.69,0.2021
model-1573435907,1573440928,in_sample,0.73,0.1689, out_of_sample,0.72,0.1791
model-1573435907,1573440929,in_sample,0.75,0.1723, out_of_sample,0.83,0.1493
model-1573435907,1573440929,in_sample,0.75,0.1626, out_of_sample,0.72,0.1657
model-1573435907,1573440930,in_sample,0.79,0.148, out_of_sample,0.72,0.1939
model-1573435907,1573440930,in_sample,0.78,0.1406, out_of_sample,0.74,0.1892
model-1573435907,1573440931,in_sample,0.7,0.2062, out_of_sample,0.8,0.1436
model-1573435907,1573440931,in_sample,0.8,0.1612, out_of_sample,0.74,0.1798
model-1573435907,1573440932,in_sample,0.8,0.1328, out_of_sample,0.82,0.1427
model-1573435907,1573440932,in_sample,0.73,0.1813, out_of_sample,0.72,0.1826
model-1573435907,1573440932,in_sample,0.71,0.1719, out_of_sample,0.78,0.157
model-1573435907,1573440933,in_sample,0.73,0.1777, out_of_sample,0.72,0.1647
model-1573435907,1573440933,in_sample,0.73,0.1705, out_of_sample,0.76,0.1686
model-1573435907,1573440934,in_sample,0.71,0.183, out_of_sample,0.82,0.1255
model-1573435907,1573440934,in_sample,0.78,0.1596, out_of_sample,0.68,0.21
model-1573435907,1573440935,in_sample,0.8,0.1353, out_of_sample,0.73,0.1815
model-1573435907,1573440935,in_sample,0.82,0.1347, out_of_sample,0.71,0.2088
model-1573435907,1573440936,in_sample,0.81,0.1491, out_of_sample,0.78,0.1651
model-1573435907,1573440936,in_sample,0.77,0.1475, out_of_sample,0.69,0.2005
model-1573435907,1573440937,in_sample,0.79,0.1562, out_of_sample,0.69,0.2076
model-1573435907,1573440937,in_sample,0.77,0.1732, out_of_sample,0.75,0.1512
model-1573435907,1573440938,in_sample,0.7,0.1783, out_of_sample,0.75,0.1688
model-1573435907,1573440938,in_sample,0.79,0.164, out_of_sample,0.72,0.1892
model-1573435907,1573440938,in_sample,0.69,0.1992, out_of_sample,0.73,0.2032
model-1573435907,1573440939,in_sample,0.78,0.1475, out_of_sample,0.73,0.1617
model-1573435907,1573440939,in_sample,0.75,0.1623, out_of_sample,0.71,0.1724
model-1573435907,1573440940,in_sample,0.82,0.1419, out_of_sample,0.71,0.1902
model-1573435907,1573440940,in_sample,0.81,0.1539, out_of_sample,0.61,0.2472
model-1573435907,1573440941,in_sample,0.79,0.1732, out_of_sample,0.65,0.2162
model-1573435907,1573440941,in_sample,0.81,0.1309, out_of_sample,0.82,0.1349
model-1573435907,1573440942,in_sample,0.84,0.1342, out_of_sample,0.76,0.1606
model-1573435907,1573440942,in_sample,0.82,0.1434, out_of_sample,0.77,0.167
model-1573435907,1573440943,in_sample,0.79,0.14, out_of_sample,0.81,0.145
model-1573435907,1573440943,in_sample,0.74,0.1774, out_of_sample,0.77,0.17
model-1573435907,1573440944,in_sample,0.73,0.1599, out_of_sample,0.71,0.1704
model-1573435907,1573440944,in_sample,0.74,0.173, out_of_sample,0.75,0.1625
model-1573435907,1573440944,in_sample,0.76,0.1363, out_of_sample,0.77,0.1583
model-1573435907,1573440945,in_sample,0.85,0.1343, out_of_sample,0.73,0.1585
model-1573435907,1573440945,in_sample,0.78,0.1456, out_of_sample,0.81,0.132
model-1573435907,1573440946,in_sample,0.79,0.1647, out_of_sample,0.8,0.124
model-1573435907,1573440946,in_sample,0.79,0.1474, out_of_sample,0.71,0.2043
model-1573435907,1573440947,in_sample,0.76,0.1408, out_of_sample,0.83,0.1485
model-1573435907,1573440947,in_sample,0.83,0.1235, out_of_sample,0.76,0.1594
model-1573435907,1573440948,in_sample,0.74,0.1698, out_of_sample,0.74,0.1497
model-1573435907,1573440948,in_sample,0.76,0.1664, out_of_sample,0.78,0.1585
model-1573435907,1573440949,in_sample,0.7,0.1885, out_of_sample,0.74,0.1567
model-1573435907,1573440949,in_sample,0.79,0.1524, out_of_sample,0.77,0.1597
model-1573435907,1573440950,in_sample,0.8,0.1509, out_of_sample,0.82,0.1194
model-1573435907,1573440950,in_sample,0.79,0.1647, out_of_sample,0.79,0.1408
model-1573435907,1573440951,in_sample,0.86,0.1164, out_of_sample,0.71,0.1872
model-1573435907,1573440951,in_sample,0.7,0.1793, out_of_sample,0.77,0.1674
model-1573435907,1573440952,in_sample,0.85,0.1233, out_of_sample,0.8,0.1543
model-1573435907,1573440952,in_sample,0.81,0.1452, out_of_sample,0.69,0.1915
model-1573435907,1573440953,in_sample,0.71,0.1788, out_of_sample,0.76,0.154
model-1573435907,1573440953,in_sample,0.69,0.1758, out_of_sample,0.73,0.1908
model-1573435907,1573440954,in_sample,0.76,0.152, out_of_sample,0.78,0.1528
model-1573435907,1573440954,in_sample,0.83,0.1167, out_of_sample,0.67,0.2133
model-1573435907,1573440955,in_sample,0.84,0.1287, out_of_sample,0.72,0.1933
model-1573435907,1573440955,in_sample,0.82,0.137, out_of_sample,0.66,0.2171
model-1573435907,1573440956,in_sample,0.77,0.1641, out_of_sample,0.79,0.1514
model-1573435907,1573440956,in_sample,0.78,0.1518, out_of_sample,0.64,0.2311
model-1573435907,1573440957,in_sample,0.77,0.1713, out_of_sample,0.68,0.2077
model-1573435907,1573440957,in_sample,0.75,0.1821, out_of_sample,0.71,0.2049
model-1573435907,1573440958,in_sample,0.8,0.147, out_of_sample,0.73,0.1617
model-1573435907,1573440958,in_sample,0.8,0.1363, out_of_sample,0.69,0.2234
model-1573435907,1573440959,in_sample,0.78,0.141, out_of_sample,0.78,0.1617
model-1573435907,1573440959,in_sample,0.76,0.1619, out_of_sample,0.72,0.1974
model-1573435907,1573440960,in_sample,0.78,0.1592, out_of_sample,0.74,0.184
model-1573435907,1573440960,in_sample,0.81,0.128, out_of_sample,0.76,0.1598
model-1573435907,1573440960,in_sample,0.77,0.1658, out_of_sample,0.78,0.1509
model-1573435907,1573440961,in_sample,0.76,0.1629, out_of_sample,0.81,0.1618
model-1573435907,1573440961,in_sample,0.77,0.171, out_of_sample,0.78,0.1554
model-1573435907,1573440962,in_sample,0.8,0.1423, out_of_sample,0.78,0.1595
model-1573435907,1573440962,in_sample,0.78,0.1553, out_of_sample,0.77,0.1778
model-1573435907,1573440963,in_sample,0.81,0.1417, out_of_sample,0.75,0.1608
model-1573435907,1573440963,in_sample,0.72,0.1691, out_of_sample,0.75,0.1547
model-1573435907,1573440964,in_sample,0.77,0.1566, out_of_sample,0.75,0.1716
model-1573435907,1573440964,in_sample,0.75,0.1577, out_of_sample,0.73,0.1758
model-1573435907,1573440965,in_sample,0.76,0.1833, out_of_sample,0.66,0.2156
model-1573435907,1573440965,in_sample,0.75,0.1758, out_of_sample,0.78,0.1615
model-1573435907,1573440966,in_sample,0.79,0.144, out_of_sample,0.79,0.1519
model-1573435907,1573440966,in_sample,0.72,0.1695, out_of_sample,0.72,0.176
model-1573435907,1573440967,in_sample,0.8,0.1637, out_of_sample,0.74,0.1809
model-1573435907,1573440967,in_sample,0.78,0.1664, out_of_sample,0.74,0.1772
model-1573435907,1573440968,in_sample,0.71,0.188, out_of_sample,0.73,0.1791
model-1573435907,1573440968,in_sample,0.83,0.1248, out_of_sample,0.79,0.1499
model-1573435907,1573440969,in_sample,0.78,0.1631, out_of_sample,0.7,0.1994
model-1573435907,1573440969,in_sample,0.82,0.1493, out_of_sample,0.62,0.227
model-1573435907,1573440970,in_sample,0.74,0.1571, out_of_sample,0.74,0.1865
model-1573435907,1573440970,in_sample,0.82,0.1405, out_of_sample,0.72,0.1955
model-1573435907,1573440971,in_sample,0.71,0.1979, out_of_sample,0.73,0.1754
model-1573435907,1573440971,in_sample,0.75,0.175, out_of_sample,0.74,0.1974
model-1573435907,1573440972,in_sample,0.79,0.1492, out_of_sample,0.78,0.1497
model-1573435907,1573440972,in_sample,0.79,0.1581, out_of_sample,0.75,0.1855
model-1573435907,1573440973,in_sample,0.76,0.1495, out_of_sample,0.6,0.2413
model-1573435907,1573440973,in_sample,0.68,0.2161, out_of_sample,0.72,0.1732
model-1573435907,1573440974,in_sample,0.76,0.1474, out_of_sample,0.75,0.1595
model-1573435907,1573440975,in_sample,0.82,0.1423, out_of_sample,0.87,0.1216
model-1573435907,1573440975,in_sample,0.75,0.1716, out_of_sample,0.78,0.1511
model-1573435907,1573440976,in_sample,0.79,0.1345, out_of_sample,0.75,0.1885
model-1573435907,1573440976,in_sample,0.69,0.1953, out_of_sample,0.73,0.1758
model-1573435907,1573440977,in_sample,0.79,0.1586, out_of_sample,0.79,0.1201
model-1573435907,1573440977,in_sample,0.78,0.1408, out_of_sample,0.7,0.1621
model-1573435907,1573440978,in_sample,0.76,0.1608, out_of_sample,0.75,0.1625
model-1573435907,1573440978,in_sample,0.8,0.1575, out_of_sample,0.8,0.1353
model-1573435907,1573440979,in_sample,0.79,0.1439, out_of_sample,0.68,0.2107
model-1573435907,1573440979,in_sample,0.77,0.1438, out_of_sample,0.79,0.1645
model-1573435907,1573440979,in_sample,0.78,0.1501, out_of_sample,0.76,0.1549
model-1573435907,1573440980,in_sample,0.81,0.1273, out_of_sample,0.76,0.1614
model-1573435907,1573440980,in_sample,0.75,0.1603, out_of_sample,0.77,0.1559
model-1573435907,1573440981,in_sample,0.81,0.1411, out_of_sample,0.75,0.1682
model-1573435907,1573440981,in_sample,0.71,0.1634, out_of_sample,0.78,0.1563
model-1573435907,1573440982,in_sample,0.82,0.1193, out_of_sample,0.78,0.1561
model-1573435907,1573440982,in_sample,0.88,0.1117, out_of_sample,0.83,0.1187
model-1573435907,1573440983,in_sample,0.74,0.1576, out_of_sample,0.76,0.1711
model-1573435907,1573440983,in_sample,0.75,0.1679, out_of_sample,0.7,0.1826
model-1573435907,1573440984,in_sample,0.77,0.1443, out_of_sample,0.76,0.169
model-1573435907,1573440985,in_sample,0.81,0.1383, out_of_sample,0.79,0.1479
model-1573435907,1573440985,in_sample,0.84,0.1307, out_of_sample,0.84,0.1322
model-1573435907,1573440986,in_sample,0.77,0.1467, out_of_sample,0.73,0.1854
model-1573435907,1573440986,in_sample,0.79,0.135, out_of_sample,0.76,0.1489
model-1573435907,1573440987,in_sample,0.79,0.1434, out_of_sample,0.83,0.1189
model-1573435907,1573440987,in_sample,0.74,0.1687, out_of_sample,0.74,0.185
model-1573435907,1573440988,in_sample,0.79,0.1308, out_of_sample,0.85,0.1249
model-1573435907,1573440988,in_sample,0.8,0.1419, out_of_sample,0.76,0.1574
model-1573435907,1573440988,in_sample,0.89,0.1158, out_of_sample,0.72,0.1903
model-1573435907,1573440989,in_sample,0.82,0.1275, out_of_sample,0.8,0.1356
model-1573435907,1573440989,in_sample,0.78,0.1563, out_of_sample,0.74,0.1718
model-1573435907,1573440990,in_sample,0.78,0.156, out_of_sample,0.8,0.1784
model-1573435907,1573440990,in_sample,0.82,0.145, out_of_sample,0.71,0.1947
model-1573435907,1573440991,in_sample,0.85,0.1261, out_of_sample,0.63,0.2413
model-1573435907,1573440991,in_sample,0.74,0.1658, out_of_sample,0.68,0.2047
model-1573435907,1573440992,in_sample,0.76,0.1659, out_of_sample,0.8,0.1539
model-1573435907,1573440992,in_sample,0.78,0.1613, out_of_sample,0.7,0.1711
model-1573435907,1573440993,in_sample,0.74,0.1599, out_of_sample,0.75,0.2056
model-1573435907,1573440993,in_sample,0.76,0.158, out_of_sample,0.86,0.1062
model-1573435907,1573440994,in_sample,0.71,0.1871, out_of_sample,0.78,0.1478
model-1573435907,1573440994,in_sample,0.84,0.1284, out_of_sample,0.83,0.1311
model-1573435907,1573440995,in_sample,0.87,0.1135, out_of_sample,0.66,0.2142
model-1573435907,1573440995,in_sample,0.78,0.1641, out_of_sample,0.76,0.1543
model-1573435907,1573440996,in_sample,0.66,0.2206, out_of_sample,0.8,0.1291
model-1573435907,1573440996,in_sample,0.8,0.1426, out_of_sample,0.68,0.2118
model-1573435907,1573440997,in_sample,0.73,0.1692, out_of_sample,0.72,0.163
model-1573435907,1573440997,in_sample,0.77,0.1712, out_of_sample,0.81,0.1499
model-1573435907,1573440998,in_sample,0.82,0.1488, out_of_sample,0.75,0.1962
model-1573435907,1573440998,in_sample,0.76,0.1614, out_of_sample,0.71,0.1672
model-1573435907,1573440999,in_sample,0.74,0.1836, out_of_sample,0.81,0.1577
model-1573435907,1573440999,in_sample,0.78,0.1397, out_of_sample,0.67,0.2149
model-1573435907,1573441000,in_sample,0.79,0.1412, out_of_sample,0.68,0.2153
model-1573435907,1573441000,in_sample,0.77,0.1464, out_of_sample,0.78,0.1415
model-1573435907,1573441001,in_sample,0.82,0.1516, out_of_sample,0.73,0.1698
model-1573435907,1573441001,in_sample,0.72,0.1855, out_of_sample,0.78,0.1463
model-1573435907,1573441002,in_sample,0.73,0.179, out_of_sample,0.87,0.1116
model-1573435907,1573441002,in_sample,0.69,0.1779, out_of_sample,0.81,0.138
model-1573435907,1573441003,in_sample,0.78,0.1669, out_of_sample,0.72,0.1538
model-1573435907,1573441003,in_sample,0.85,0.1216, out_of_sample,0.71,0.1865
model-1573435907,1573441004,in_sample,0.83,0.1163, out_of_sample,0.78,0.1609
model-1573435907,1573441004,in_sample,0.82,0.142, out_of_sample,0.73,0.1796
model-1573435907,1573441005,in_sample,0.78,0.1357, out_of_sample,0.87,0.1006
model-1573435907,1573441005,in_sample,0.82,0.1383, out_of_sample,0.82,0.1318
model-1573435907,1573441006,in_sample,0.8,0.1492, out_of_sample,0.76,0.1791
model-1573435907,1573441006,in_sample,0.79,0.1532, out_of_sample,0.68,0.1976
model-1573435907,1573441007,in_sample,0.82,0.1296, out_of_sample,0.69,0.2093
model-1573435907,1573441007,in_sample,0.72,0.1639, out_of_sample,0.73,0.1826
model-1573435907,1573441008,in_sample,0.78,0.1745, out_of_sample,0.86,0.1144
model-1573435907,1573441008,in_sample,0.72,0.2059, out_of_sample,0.73,0.1735
model-1573435907,1573441008,in_sample,0.72,0.1657, out_of_sample,0.89,0.1186
model-1573435907,1573441009,in_sample,0.86,0.1222, out_of_sample,0.73,0.1553
model-1573435907,1573441009,in_sample,0.78,0.1536, out_of_sample,0.75,0.163
model-1573435907,1573441010,in_sample,0.72,0.1784, out_of_sample,0.71,0.2011
model-1573435907,1573441010,in_sample,0.75,0.1557, out_of_sample,0.84,0.1318
model-1573435907,1573441011,in_sample,0.84,0.1363, out_of_sample,0.75,0.1588
model-1573435907,1573441011,in_sample,0.81,0.1437, out_of_sample,0.71,0.1995
model-1573435907,1573441012,in_sample,0.72,0.1792, out_of_sample,0.8,0.1557
model-1573435907,1573441012,in_sample,0.84,0.125, out_of_sample,0.75,0.1631
model-1573435907,1573441013,in_sample,0.74,0.1757, out_of_sample,0.7,0.2079
model-1573435907,1573441013,in_sample,0.71,0.1754, out_of_sample,0.74,0.1599
model-1573435907,1573441014,in_sample,0.74,0.1753, out_of_sample,0.8,0.1494
model-1573435907,1573441014,in_sample,0.79,0.1676, out_of_sample,0.8,0.1529
model-1573435907,1573441015,in_sample,0.76,0.1561, out_of_sample,0.76,0.178
model-1573435907,1573441015,in_sample,0.74,0.1603, out_of_sample,0.84,0.133
model-1573435907,1573441016,in_sample,0.8,0.1451, out_of_sample,0.7,0.2071
model-1573435907,1573441016,in_sample,0.83,0.1375, out_of_sample,0.83,0.1293
model-1573435907,1573441017,in_sample,0.78,0.1556, out_of_sample,0.75,0.1781
model-1573435907,1573441017,in_sample,0.79,0.1568, out_of_sample,0.0,0.3233
model-1573435907,1573441018,in_sample,0.85,0.1218, out_of_sample,0.81,0.1316
model-1573435907,1573441018,in_sample,0.82,0.1551, out_of_sample,0.84,0.1465
model-1573435907,1573441019,in_sample,0.79,0.1482, out_of_sample,0.81,0.1436
model-1573435907,1573441019,in_sample,0.77,0.1613, out_of_sample,0.64,0.2295
model-1573435907,1573441019,in_sample,0.89,0.0995, out_of_sample,0.8,0.152
model-1573435907,1573441020,in_sample,0.8,0.1445, out_of_sample,0.73,0.1689
model-1573435907,1573441020,in_sample,0.67,0.2031, out_of_sample,0.72,0.185
model-1573435907,1573441021,in_sample,0.81,0.1263, out_of_sample,0.73,0.1977
model-1573435907,1573441021,in_sample,0.81,0.1469, out_of_sample,0.76,0.184
model-1573435907,1573441022,in_sample,0.77,0.1503, out_of_sample,0.82,0.1331
model-1573435907,1573441022,in_sample,0.78,0.1622, out_of_sample,0.75,0.1714
model-1573435907,1573441023,in_sample,0.79,0.1406, out_of_sample,0.77,0.17
model-1573435907,1573441023,in_sample,0.78,0.1298, out_of_sample,0.8,0.1396
model-1573435907,1573441024,in_sample,0.75,0.1539, out_of_sample,0.73,0.189
model-1573435907,1573441024,in_sample,0.73,0.1707, out_of_sample,0.81,0.1442
model-1573435907,1573441025,in_sample,0.74,0.1599, out_of_sample,0.72,0.1866
model-1573435907,1573441025,in_sample,0.8,0.1213, out_of_sample,0.75,0.1645
model-1573435907,1573441026,in_sample,0.79,0.1485, out_of_sample,0.81,0.1346
model-1573435907,1573441026,in_sample,0.78,0.1641, out_of_sample,0.75,0.1618
model-1573435907,1573441026,in_sample,0.88,0.1022, out_of_sample,0.79,0.1496
model-1573622911,1573622919,in_sample,0.51,0.2501, out_of_sample,0.5,0.2485
model-1573622911,1573622920,in_sample,0.48,0.2508, out_of_sample,0.5,0.2519
model-1573622911,1573622920,in_sample,0.46,0.2549, out_of_sample,0.48,0.2504
model-1573622911,1573622921,in_sample,0.53,0.2491, out_of_sample,0.63,0.2478
model-1573622911,1573622921,in_sample,0.56,0.2489, out_of_sample,0.43,0.2519
model-1573622911,1573622922,in_sample,0.56,0.2479, out_of_sample,0.46,0.2524
model-1573622911,1573622922,in_sample,0.44,0.2533, out_of_sample,0.48,0.2511
model-1573622911,1573622923,in_sample,0.47,0.2515, out_of_sample,0.45,0.2515
model-1573622911,1573622923,in_sample,0.39,0.2542, out_of_sample,0.54,0.249
model-1573622911,1573622924,in_sample,0.55,0.2486, out_of_sample,0.51,0.2495
model-1573622911,1573622924,in_sample,0.45,0.2508, out_of_sample,0.52,0.2499
model-1573622911,1573622925,in_sample,0.53,0.2496, out_of_sample,0.51,0.2495
model-1573622911,1573622925,in_sample,0.49,0.2496, out_of_sample,0.49,0.2497
model-1573622911,1573622926,in_sample,0.54,0.2491, out_of_sample,0.48,0.2508
model-1573622911,1573622926,in_sample,0.41,0.2532, out_of_sample,0.55,0.2484
model-1573622911,1573622927,in_sample,0.54,0.2482, out_of_sample,0.44,0.2504
model-1573622911,1573622927,in_sample,0.41,0.2507, out_of_sample,0.51,0.2494
model-1573622911,1573622928,in_sample,0.56,0.2491, out_of_sample,0.49,0.249
model-1573622911,1573622928,in_sample,0.56,0.2502, out_of_sample,0.51,0.2488
model-1573622911,1573622929,in_sample,0.51,0.2493, out_of_sample,0.54,0.2495
model-1573622911,1573622929,in_sample,0.49,0.2504, out_of_sample,0.45,0.2509
model-1573622911,1573622930,in_sample,0.53,0.2491, out_of_sample,0.49,0.2496
model-1573622911,1573622930,in_sample,0.5,0.249, out_of_sample,0.43,0.2525
model-1573622911,1573622931,in_sample,0.42,0.2542, out_of_sample,0.44,0.2512
model-1573622911,1573622931,in_sample,0.49,0.2496, out_of_sample,0.58,0.2469
model-1573622911,1573622932,in_sample,0.54,0.2486, out_of_sample,0.45,0.2506
model-1573622911,1573622932,in_sample,0.54,0.2493, out_of_sample,0.61,0.2479
model-1573622911,1573622933,in_sample,0.39,0.2516, out_of_sample,0.59,0.2489
model-1573622911,1573622933,in_sample,0.57,0.2493, out_of_sample,0.59,0.248
model-1573622911,1573622934,in_sample,0.52,0.2488, out_of_sample,0.63,0.247
model-1573622911,1573622934,in_sample,0.42,0.2504, out_of_sample,0.61,0.2483
model-1573622911,1573622935,in_sample,0.56,0.248, out_of_sample,0.57,0.2478
model-1573622911,1573622935,in_sample,0.5,0.2491, out_of_sample,0.52,0.2467
model-1573622911,1573622935,in_sample,0.51,0.25, out_of_sample,0.7,0.2426
model-1573622911,1573622936,in_sample,0.57,0.2435, out_of_sample,0.46,0.2517
model-1573622911,1573622936,in_sample,0.56,0.2436, out_of_sample,0.59,0.2396
model-1573622911,1573622937,in_sample,0.5,0.2489, out_of_sample,0.5,0.2486
model-1573622911,1573622937,in_sample,0.48,0.2507, out_of_sample,0.47,0.2504
model-1573622911,1573622938,in_sample,0.51,0.2454, out_of_sample,0.44,0.2575
model-1573622911,1573622938,in_sample,0.56,0.2505, out_of_sample,0.59,0.2403
model-1573622911,1573622939,in_sample,0.59,0.239, out_of_sample,0.5,0.2424
model-1573622911,1573622939,in_sample,0.45,0.2521, out_of_sample,0.3,0.2566
model-1573622911,1573622940,in_sample,0.56,0.2375, out_of_sample,0.48,0.247
model-1573622911,1573622940,in_sample,0.53,0.254, out_of_sample,0.66,0.2337
model-1573622911,1573622941,in_sample,0.56,0.2521, out_of_sample,0.61,0.2439
model-1573622911,1573622941,in_sample,0.69,0.2397, out_of_sample,0.55,0.2442
model-1573622911,1573622942,in_sample,0.5,0.243, out_of_sample,0.59,0.2398
model-1573622911,1573622942,in_sample,0.56,0.2515, out_of_sample,0.59,0.2433
model-1573622911,1573622943,in_sample,0.58,0.2487, out_of_sample,0.57,0.2437
model-1573622911,1573622943,in_sample,0.48,0.2499, out_of_sample,0.61,0.2388
model-1573622911,1573622944,in_sample,0.53,0.2495, out_of_sample,0.54,0.2412
model-1573622911,1573622944,in_sample,0.59,0.2367, out_of_sample,0.59,0.239
model-1573622911,1573622944,in_sample,0.58,0.2372, out_of_sample,0.55,0.2431
model-1573622911,1573622945,in_sample,0.55,0.2482, out_of_sample,0.56,0.2442
model-1573622911,1573622945,in_sample,0.59,0.2403, out_of_sample,0.6,0.2375
model-1573622911,1573622946,in_sample,0.59,0.2435, out_of_sample,0.51,0.2521
model-1573622911,1573622946,in_sample,0.54,0.2422, out_of_sample,0.53,0.2496
model-1573622911,1573622947,in_sample,0.62,0.2369, out_of_sample,0.64,0.2269
model-1573622911,1573622947,in_sample,0.54,0.2448, out_of_sample,0.66,0.2281
model-1573622911,1573622948,in_sample,0.6,0.2385, out_of_sample,0.57,0.2334
model-1573622911,1573622948,in_sample,0.56,0.2467, out_of_sample,0.58,0.2465
model-1573622911,1573622949,in_sample,0.64,0.2342, out_of_sample,0.56,0.2422
model-1573622911,1573622949,in_sample,0.58,0.2279, out_of_sample,0.56,0.2458
model-1573622911,1573622950,in_sample,0.62,0.2348, out_of_sample,0.63,0.2532
model-1573622911,1573622950,in_sample,0.54,0.2561, out_of_sample,0.58,0.2585
model-1573622911,1573622951,in_sample,0.52,0.2465, out_of_sample,0.53,0.2423
model-1573622911,1573622951,in_sample,0.54,0.2478, out_of_sample,0.6,0.2285
model-1573622911,1573622952,in_sample,0.52,0.253, out_of_sample,0.54,0.2419
model-1573622911,1573622952,in_sample,0.51,0.2615, out_of_sample,0.61,0.2299
model-1573622911,1573622953,in_sample,0.61,0.2401, out_of_sample,0.5,0.2602
model-1573622911,1573622953,in_sample,0.61,0.2359, out_of_sample,0.55,0.2486
model-1573622911,1573622954,in_sample,0.59,0.2409, out_of_sample,0.63,0.2311
model-1573622911,1573622954,in_sample,0.55,0.247, out_of_sample,0.6,0.2365
model-1573622911,1573622955,in_sample,0.6,0.2341, out_of_sample,0.54,0.2468
model-1573622911,1573622955,in_sample,0.6,0.2445, out_of_sample,0.59,0.237
model-1573622911,1573622956,in_sample,0.52,0.2518, out_of_sample,0.58,0.2373
model-1573622911,1573622956,in_sample,0.6,0.2409, out_of_sample,0.62,0.2446
model-1573622911,1573622956,in_sample,0.59,0.2347, out_of_sample,0.54,0.2506
model-1573622911,1573622957,in_sample,0.66,0.2307, out_of_sample,0.55,0.241
model-1573622911,1573622957,in_sample,0.5,0.2531, out_of_sample,0.6,0.2341
model-1573622911,1573622958,in_sample,0.76,0.2261, out_of_sample,0.59,0.2416
model-1573622911,1573622958,in_sample,0.61,0.2376, out_of_sample,0.58,0.2348
model-1573622911,1573622959,in_sample,0.54,0.2469, out_of_sample,0.65,0.2282
model-1573622911,1573622959,in_sample,0.61,0.2317, out_of_sample,0.53,0.2415
model-1573622911,1573622960,in_sample,0.55,0.2473, out_of_sample,0.52,0.2385
model-1573622911,1573622960,in_sample,0.62,0.2327, out_of_sample,0.51,0.2458
model-1573622911,1573622961,in_sample,0.61,0.2369, out_of_sample,0.59,0.2272
model-1573622911,1573622961,in_sample,0.6,0.2421, out_of_sample,0.67,0.2199
model-1573622911,1573622962,in_sample,0.59,0.2432, out_of_sample,0.58,0.2365
model-1573622911,1573622962,in_sample,0.57,0.2363, out_of_sample,0.54,0.2517
model-1573622911,1573622963,in_sample,0.53,0.2538, out_of_sample,0.59,0.2416
model-1573622911,1573622963,in_sample,0.6,0.2387, out_of_sample,0.59,0.245
model-1573622911,1573622964,in_sample,0.62,0.231, out_of_sample,0.59,0.2398
model-1573622911,1573622964,in_sample,0.6,0.2377, out_of_sample,0.57,0.2512
model-1573622911,1573622965,in_sample,0.63,0.2408, out_of_sample,0.64,0.2259
model-1573622911,1573622965,in_sample,0.64,0.231, out_of_sample,0.63,0.2244
model-1573622911,1573622966,in_sample,0.68,0.218, out_of_sample,0.65,0.2266
model-1573622911,1573622966,in_sample,0.6,0.2361, out_of_sample,0.67,0.2321
model-1573622911,1573622966,in_sample,0.55,0.2411, out_of_sample,0.55,0.2581
model-1573622911,1573622967,in_sample,0.5,0.2451, out_of_sample,0.53,0.2417
model-1573622911,1573622967,in_sample,0.68,0.2168, out_of_sample,0.56,0.238
model-1573622911,1573622968,in_sample,0.54,0.2372, out_of_sample,0.75,0.2178
model-1573622911,1573622968,in_sample,0.74,0.2078, out_of_sample,0.57,0.2412
model-1573622911,1573622969,in_sample,0.59,0.2381, out_of_sample,0.58,0.2337
model-1573622911,1573622969,in_sample,0.57,0.2385, out_of_sample,0.65,0.228
model-1573622911,1573622970,in_sample,0.68,0.215, out_of_sample,0.61,0.2301
model-1573622911,1573622970,in_sample,0.66,0.2278, out_of_sample,0.54,0.2327
model-1573622911,1573622971,in_sample,0.67,0.205, out_of_sample,0.65,0.2046
model-1573622911,1573622971,in_sample,0.59,0.2321, out_of_sample,0.61,0.2211
model-1573622911,1573622972,in_sample,0.59,0.2531, out_of_sample,0.54,0.2543
model-1573622911,1573622972,in_sample,0.61,0.2318, out_of_sample,0.64,0.2222
model-1573622911,1573622973,in_sample,0.56,0.2425, out_of_sample,0.59,0.2424
model-1573622911,1573622973,in_sample,0.7,0.1995, out_of_sample,0.57,0.2454
model-1573622911,1573622974,in_sample,0.59,0.2416, out_of_sample,0.59,0.2412
model-1573622911,1573622974,in_sample,0.6,0.2563, out_of_sample,0.7,0.2302
model-1573622911,1573622975,in_sample,0.62,0.2482, out_of_sample,0.6,0.231
model-1573622911,1573622975,in_sample,0.59,0.245, out_of_sample,0.57,0.2361
model-1573622911,1573622976,in_sample,0.68,0.2197, out_of_sample,0.64,0.2468
model-1573622911,1573622976,in_sample,0.64,0.2308, out_of_sample,0.53,0.2448
model-1573622911,1573622976,in_sample,0.61,0.2285, out_of_sample,0.67,0.185
model-1573622911,1573622977,in_sample,0.58,0.2522, out_of_sample,0.61,0.2304
model-1573622911,1573622977,in_sample,0.59,0.2382, out_of_sample,0.62,0.2344
model-1573622911,1573622978,in_sample,0.64,0.2396, out_of_sample,0.62,0.2315
model-1573622911,1573622978,in_sample,0.6,0.245, out_of_sample,0.61,0.2385
model-1573622911,1573622979,in_sample,0.64,0.2394, out_of_sample,0.64,0.2311
model-1573622911,1573622979,in_sample,0.63,0.2273, out_of_sample,0.62,0.2291
model-1573622911,1573622980,in_sample,0.67,0.2217, out_of_sample,0.56,0.2372
model-1573622911,1573622980,in_sample,0.63,0.2337, out_of_sample,0.59,0.2323
model-1573622911,1573622981,in_sample,0.59,0.2323, out_of_sample,0.56,0.2382
model-1573622911,1573622981,in_sample,0.61,0.2397, out_of_sample,0.62,0.2336
model-1573622911,1573622982,in_sample,0.57,0.2316, out_of_sample,0.65,0.2276
model-1573622911,1573622982,in_sample,0.61,0.2279, out_of_sample,0.59,0.2331
model-1573622911,1573622983,in_sample,0.66,0.2167, out_of_sample,0.58,0.2415
model-1573622911,1573622983,in_sample,0.59,0.2224, out_of_sample,0.66,0.2138
model-1573622911,1573622984,in_sample,0.64,0.2333, out_of_sample,0.62,0.2362
model-1573622911,1573622984,in_sample,0.58,0.2342, out_of_sample,0.55,0.2534
model-1573622911,1573622985,in_sample,0.58,0.2379, out_of_sample,0.52,0.2544
model-1573622911,1573622985,in_sample,0.58,0.2418, out_of_sample,0.63,0.2312
model-1573622911,1573622986,in_sample,0.61,0.2386, out_of_sample,0.59,0.2369
model-1573622911,1573622986,in_sample,0.54,0.2433, out_of_sample,0.53,0.2599
model-1573622911,1573622987,in_sample,0.61,0.2393, out_of_sample,0.55,0.2491
model-1573622911,1573622987,in_sample,0.58,0.2329, out_of_sample,0.7,0.2116
model-1573622911,1573622988,in_sample,0.64,0.2271, out_of_sample,0.5,0.2661
model-1573622911,1573622988,in_sample,0.62,0.2338, out_of_sample,0.6,0.2216
model-1573622911,1573622989,in_sample,0.61,0.2344, out_of_sample,0.58,0.2405
model-1573622911,1573622989,in_sample,0.64,0.2258, out_of_sample,0.57,0.2395
model-1573622911,1573622990,in_sample,0.58,0.2412, out_of_sample,0.62,0.2265
model-1573622911,1573622990,in_sample,0.67,0.2094, out_of_sample,0.61,0.2315
model-1573622911,1573622990,in_sample,0.6,0.2328, out_of_sample,0.66,0.2086
model-1573622911,1573622991,in_sample,0.58,0.2311, out_of_sample,0.65,0.2245
model-1573622911,1573622991,in_sample,0.66,0.2244, out_of_sample,0.59,0.2346
model-1573622911,1573622992,in_sample,0.62,0.2343, out_of_sample,0.68,0.2218
model-1573622911,1573622992,in_sample,0.61,0.2416, out_of_sample,0.59,0.2276
model-1573622911,1573622993,in_sample,0.65,0.2283, out_of_sample,0.58,0.239
model-1573622911,1573622993,in_sample,0.57,0.239, out_of_sample,0.54,0.2452
model-1573622911,1573622994,in_sample,0.56,0.2267, out_of_sample,0.48,0.2645
model-1573622911,1573622994,in_sample,0.59,0.2404, out_of_sample,0.72,0.2056
model-1573622911,1573622995,in_sample,0.68,0.2168, out_of_sample,0.58,0.2367
model-1573622911,1573622995,in_sample,0.62,0.2365, out_of_sample,0.67,0.2224
model-1573622911,1573622996,in_sample,0.51,0.2629, out_of_sample,0.58,0.2413
model-1573622911,1573622996,in_sample,0.52,0.2699, out_of_sample,0.58,0.2302
model-1573622911,1573622997,in_sample,0.66,0.2254, out_of_sample,0.57,0.2393
model-1573622911,1573622997,in_sample,0.59,0.2358, out_of_sample,0.62,0.2243
model-1573622911,1573622998,in_sample,0.59,0.2347, out_of_sample,0.49,0.2421
model-1573622911,1573622998,in_sample,0.62,0.2361, out_of_sample,0.49,0.2516
model-1573622911,1573622999,in_sample,0.61,0.2351, out_of_sample,0.6,0.2342
model-1573622911,1573622999,in_sample,0.59,0.238, out_of_sample,0.61,0.2289
model-1573622911,1573623000,in_sample,0.62,0.2337, out_of_sample,0.54,0.2325
model-1573622911,1573623000,in_sample,0.61,0.2329, out_of_sample,0.49,0.246
model-1573622911,1573623001,in_sample,0.69,0.2189, out_of_sample,0.56,0.2326
model-1573622911,1573623001,in_sample,0.68,0.2242, out_of_sample,0.62,0.2329
model-1573622911,1573623002,in_sample,0.6,0.2355, out_of_sample,0.62,0.2234
model-1573622911,1573623002,in_sample,0.6,0.2274, out_of_sample,0.53,0.2427
model-1573622911,1573623002,in_sample,0.5,0.2586, out_of_sample,0.73,0.2073
model-1573622911,1573623003,in_sample,0.61,0.2277, out_of_sample,0.62,0.2227
model-1573622911,1573623003,in_sample,0.66,0.2248, out_of_sample,0.64,0.2342
model-1573622911,1573623004,in_sample,0.63,0.2295, out_of_sample,0.54,0.2333
model-1573622911,1573623004,in_sample,0.53,0.2403, out_of_sample,0.66,0.22
model-1573622911,1573623005,in_sample,0.65,0.2276, out_of_sample,0.56,0.2393
model-1573622911,1573623005,in_sample,0.67,0.218, out_of_sample,0.71,0.2129
model-1573622911,1573623006,in_sample,0.64,0.2125, out_of_sample,0.56,0.2425
model-1573622911,1573623006,in_sample,0.63,0.219, out_of_sample,0.69,0.2097
model-1573622911,1573623007,in_sample,0.67,0.2144, out_of_sample,0.63,0.2183
model-1573622911,1573623007,in_sample,0.69,0.2047, out_of_sample,0.64,0.2191
model-1573622911,1573623008,in_sample,0.63,0.2281, out_of_sample,0.62,0.2428
model-1573622911,1573623008,in_sample,0.64,0.2381, out_of_sample,0.57,0.243
model-1573622911,1573623009,in_sample,0.64,0.2391, out_of_sample,0.67,0.2075
model-1573622911,1573623009,in_sample,0.69,0.2113, out_of_sample,0.57,0.2433
model-1573622911,1573623010,in_sample,0.63,0.2289, out_of_sample,0.64,0.2264
model-1573622911,1573623010,in_sample,0.58,0.2512, out_of_sample,0.7,0.2022
model-1573622911,1573623011,in_sample,0.56,0.2389, out_of_sample,0.59,0.2317
model-1573622911,1573623011,in_sample,0.67,0.2291, out_of_sample,0.64,0.2173
model-1573622911,1573623012,in_sample,0.57,0.2447, out_of_sample,0.62,0.2297
model-1573622911,1573623012,in_sample,0.43,0.2865, out_of_sample,0.63,0.2316
model-1573622911,1573623013,in_sample,0.59,0.2529, out_of_sample,0.54,0.2361
model-1573622911,1573623013,in_sample,0.65,0.2341, out_of_sample,0.6,0.2435
model-1573622911,1573623014,in_sample,0.65,0.2244, out_of_sample,0.61,0.2376
model-1573622911,1573623014,in_sample,0.54,0.2391, out_of_sample,0.55,0.2411
model-1573622911,1573623015,in_sample,0.58,0.2305, out_of_sample,0.58,0.2398
model-1573622911,1573623015,in_sample,0.56,0.2426, out_of_sample,0.52,0.2396
model-1573622911,1573623016,in_sample,0.59,0.2291, out_of_sample,0.62,0.2315
model-1573622911,1573623016,in_sample,0.67,0.2261, out_of_sample,0.58,0.237
model-1573622911,1573623017,in_sample,0.59,0.2365, out_of_sample,0.56,0.238
model-1573622911,1573623017,in_sample,0.64,0.2296, out_of_sample,0.63,0.232
model-1573622911,1573623017,in_sample,0.68,0.2315, out_of_sample,0.65,0.2207
model-1573622911,1573623018,in_sample,0.63,0.2367, out_of_sample,0.73,0.2189
model-1573622911,1573623018,in_sample,0.59,0.2321, out_of_sample,0.62,0.2321
model-1573622911,1573623019,in_sample,0.64,0.2369, out_of_sample,0.65,0.2289
model-1573622911,1573623019,in_sample,0.59,0.2363, out_of_sample,0.63,0.2197
model-1573622911,1573623020,in_sample,0.67,0.2215, out_of_sample,0.59,0.2445
model-1573622911,1573623020,in_sample,0.53,0.2426, out_of_sample,0.65,0.2189
model-1573622911,1573623021,in_sample,0.61,0.2399, out_of_sample,0.59,0.2351
model-1573622911,1573623021,in_sample,0.63,0.2202, out_of_sample,0.58,0.2573
model-1573622911,1573623022,in_sample,0.62,0.2263, out_of_sample,0.62,0.2272
model-1573622911,1573623022,in_sample,0.5,0.256, out_of_sample,0.57,0.261
model-1573622911,1573623023,in_sample,0.62,0.2259, out_of_sample,0.63,0.2305
model-1573622911,1573623023,in_sample,0.63,0.2218, out_of_sample,0.56,0.2456
model-1573622911,1573623024,in_sample,0.66,0.2308, out_of_sample,0.53,0.2444
model-1573622911,1573623024,in_sample,0.64,0.2224, out_of_sample,0.62,0.2422
model-1573622911,1573623025,in_sample,0.58,0.2347, out_of_sample,0.62,0.2244
model-1573622911,1573623025,in_sample,0.62,0.2188, out_of_sample,0.57,0.2424
model-1573622911,1573623026,in_sample,0.7,0.2008, out_of_sample,0.65,0.2207
model-1573622911,1573623026,in_sample,0.69,0.2043, out_of_sample,0.69,0.217
model-1573622911,1573623027,in_sample,0.63,0.2168, out_of_sample,0.6,0.2296
model-1573622911,1573623027,in_sample,0.58,0.2483, out_of_sample,0.64,0.2122
model-1573622911,1573623027,in_sample,0.68,0.2054, out_of_sample,0.63,0.2204
model-1573622911,1573623028,in_sample,0.67,0.2189, out_of_sample,0.64,0.2334
model-1573622911,1573623028,in_sample,0.62,0.2464, out_of_sample,0.63,0.2149
model-1573622911,1573623029,in_sample,0.61,0.2407, out_of_sample,0.63,0.2323
model-1573622911,1573623029,in_sample,0.62,0.2188, out_of_sample,0.58,0.2404
model-1573622911,1573623030,in_sample,0.7,0.1927, out_of_sample,0.62,0.2315
model-1573622911,1573623030,in_sample,0.69,0.2262, out_of_sample,0.69,0.2118
model-1573622911,1573623031,in_sample,0.66,0.2112, out_of_sample,0.56,0.2445
model-1573622911,1573623031,in_sample,0.67,0.206, out_of_sample,0.62,0.2249
model-1573622911,1573623032,in_sample,0.65,0.2226, out_of_sample,0.61,0.2475
model-1573622911,1573623032,in_sample,0.57,0.2457, out_of_sample,0.65,0.2261
model-1573622911,1573623033,in_sample,0.66,0.2086, out_of_sample,0.55,0.2384
model-1573622911,1573623033,in_sample,0.69,0.2056, out_of_sample,0.67,0.2168
model-1573622911,1573623034,in_sample,0.67,0.216, out_of_sample,0.64,0.219
model-1573622911,1573623034,in_sample,0.66,0.2208, out_of_sample,0.58,0.2391
model-1573622911,1573623035,in_sample,0.67,0.2004, out_of_sample,0.63,0.23
model-1573622911,1573623035,in_sample,0.64,0.2196, out_of_sample,0.6,0.2429
model-1573622911,1573623036,in_sample,0.64,0.2084, out_of_sample,0.66,0.2274
model-1573622911,1573623036,in_sample,0.6,0.2402, out_of_sample,0.54,0.2518
model-1573622911,1573623037,in_sample,0.63,0.2372, out_of_sample,0.65,0.2246
model-1573622911,1573623037,in_sample,0.7,0.2079, out_of_sample,0.67,0.218
model-1573622911,1573623037,in_sample,0.59,0.2262, out_of_sample,0.62,0.232
model-1573622911,1573623038,in_sample,0.64,0.2127, out_of_sample,0.65,0.2119
model-1573622911,1573623038,in_sample,0.67,0.2114, out_of_sample,0.59,0.2418
model-1573622911,1573623039,in_sample,0.68,0.2039, out_of_sample,0.65,0.2144
model-1573622911,1573623039,in_sample,0.59,0.2309, out_of_sample,0.59,0.2382
model-1573622911,1573623040,in_sample,0.64,0.233, out_of_sample,0.63,0.2466
model-1573622911,1573623040,in_sample,0.51,0.2658, out_of_sample,0.62,0.2279
model-1573622911,1573623041,in_sample,0.71,0.2073, out_of_sample,0.63,0.2286
model-1573622911,1573623041,in_sample,0.64,0.2231, out_of_sample,0.69,0.2053
model-1573622911,1573623042,in_sample,0.65,0.2239, out_of_sample,0.59,0.2236
model-1573622911,1573623042,in_sample,0.67,0.2106, out_of_sample,0.66,0.2167
model-1573622911,1573623043,in_sample,0.6,0.2302, out_of_sample,0.69,0.225
model-1573622911,1573623043,in_sample,0.56,0.248, out_of_sample,0.67,0.2298
model-1573622911,1573623044,in_sample,0.68,0.2131, out_of_sample,0.61,0.2266
model-1573622911,1573623044,in_sample,0.7,0.2105, out_of_sample,0.66,0.2245
model-1573622911,1573623045,in_sample,0.68,0.2184, out_of_sample,0.63,0.2247
